\BOOKMARK [1][-]{section.1}{\376\377\145\160\143\156\176\323\147\204}{}% 1
\BOOKMARK [2][-]{subsection.1.1}{\376\377\123\125\214\003\150\010}{section.1}% 2
\BOOKMARK [2][-]{subsection.1.2}{\376\377\123\125\214\003\226\037\122\027}{section.1}% 3
\BOOKMARK [2][-]{subsection.1.3}{\376\377\176\277\153\265\150\021\131\127\136\163\210\141\150\021}{section.1}% 4
\BOOKMARK [1][-]{section.2}{\376\377\126\376\213\272}{}% 5
\BOOKMARK [2][-]{subsection.2.1}{\376\377\160\271\122\006\154\273}{section.2}% 6
\BOOKMARK [3][-]{subsubsection.2.1.1}{\376\377\116\044\160\271\225\364\166\204\215\335\171\273\146\057\124\046\116\072\0003\166\204\120\015\145\160\377\010\000[\126\375\133\266\226\306\213\255\226\037\000]\200\152\200\152\123\357\123\357\377\011}{subsection.2.1}% 7
\BOOKMARK [3][-]{subsubsection.2.1.2}{\376\377\213\342\225\356\150\021\116\012\215\335\171\273\116\072\000k\166\204\160\271\133\371\146\057\124\046\133\130\127\050}{subsection.2.1}% 8
\BOOKMARK [3][-]{subsubsection.2.1.3}{\376\377\116\044\160\271\225\364\215\335\171\273\116\015\215\205\217\307\000l\215\335\171\273\147\103\221\315\124\214\116\015\215\205\217\307\000w}{subsection.2.1}% 9
\BOOKMARK [2][-]{subsection.2.2}{\376\377\000D\000S\000U}{section.2}% 10
\BOOKMARK [3][-]{subsubsection.2.2.1}{\376\377\213\342\225\356\133\120\150\021\230\234\202\162\171\315\174\173\145\160}{subsection.2.2}% 11
\BOOKMARK [2][-]{subsection.2.3}{\376\377\145\340\124\021\126\376\166\370\220\273\217\271\142\020\133\371}{section.2}% 12
\BOOKMARK [2][-]{subsection.2.4}{\376\377\000B\000F\000S\000\040\000T\000R\000E\000E\000\050\000C\000F\0001\0004\0009\0006\000F\000\051}{section.2}% 13
\BOOKMARK [1][-]{section.3}{\376\377\145\164\117\123\116\214\122\006}{}% 14
\BOOKMARK [2][-]{subsection.3.1}{\376\377\153\317\153\041\213\342\225\356\116\000\116\052\133\120\167\351\226\065\166\204\173\054\000\040\000k\000\040\134\017\145\160}{section.3}% 15
\BOOKMARK [2][-]{subsection.3.2}{\376\377\136\046\117\356\116\073\136\055\150\021}{section.3}% 16
\BOOKMARK [2][-]{subsection.3.3}{\376\377\127\050\123\363\123\112\217\271\166\204\145\164\117\123\116\214\122\006}{section.3}% 17
\BOOKMARK [1][-]{section.4}{\376\377\213\241\173\227\121\340\117\125}{}% 18
\BOOKMARK [2][-]{subsection.4.1}{\376\377\121\370\123\005}{section.4}% 19
\BOOKMARK [2][-]{subsection.4.2}{\376\377\126\333\217\271\137\142}{section.4}% 20
\BOOKMARK [3][-]{subsubsection.4.2.1}{\376\377\126\333\217\271\137\142\213\241\145\160}{subsection.4.2}% 21
\BOOKMARK [3][-]{subsubsection.4.2.2}{\376\377\126\333\217\271\137\142\147\000\134\017\227\142\171\357\213\241\145\160}{subsection.4.2}% 22
\BOOKMARK [1][-]{section.5}{\376\377\116\140\230\230\145\164\164\006}{}% 23
\BOOKMARK [2][-]{subsection.5.1}{\376\377\000d\000f\000s\000+\0002\0000\0001\0009\224\366\135\335\000A}{section.5}% 24
\BOOKMARK [2][-]{subsection.5.2}{\376\377\224\376\124\310\000L\000C\000A\120\015\130\236}{section.5}% 25
\BOOKMARK [2][-]{subsection.5.3}{\376\377\124\016\177\000\201\352\122\250\147\072\000+\000s\000e\000t}{section.5}% 26
\BOOKMARK [2][-]{subsection.5.4}{\376\377\000C\000F\0008\0004\0000\000D\000\040\000D\000e\000s\000t\000i\000n\000y}{section.5}% 27
