This is XeTeX, Version 3.14159265-2.6-0.999991 (TeX Live 2019/W32TeX) (preloaded format=xelatex 2019.10.16)  16 APR 2021 17:00
entering extended mode
 restricted \write18 enabled.
 %&-line parsing enabled.
**ZJPC2.tex
(./ZJPC2.tex
LaTeX2e <2018-12-01>
(c:/texlive/2019/texmf-dist/tex/latex/base/article.cls
Document Class: article 2018/09/03 v1.4i Standard LaTeX document class
(c:/texlive/2019/texmf-dist/tex/latex/base/size10.clo
File: size10.clo 2018/09/03 v1.4i Standard LaTeX file (size option)
)
\c@part=\count80
\c@section=\count81
\c@subsection=\count82
\c@subsubsection=\count83
\c@paragraph=\count84
\c@subparagraph=\count85
\c@figure=\count86
\c@table=\count87
\abovecaptionskip=\skip41
\belowcaptionskip=\skip42
\bibindent=\dimen102
)
(c:/texlive/2019/texmf-dist/tex/xelatex/xecjk/xeCJK.sty
(c:/texlive/2019/texmf-dist/tex/latex/l3kernel/expl3.sty
Package: expl3 2019-04-06 L3 programming layer (loader) 

(c:/texlive/2019/texmf-dist/tex/latex/l3kernel/expl3-code.tex
Package: expl3 2019-04-06 L3 programming layer (code)
\c_max_int=\count88
\l_tmpa_int=\count89
\l_tmpb_int=\count90
\g_tmpa_int=\count91
\g_tmpb_int=\count92
\g__kernel_prg_map_int=\count93
\c__ior_term_ior=\count94
\c_log_iow=\count95
\l_iow_line_count_int=\count96
\l__iow_line_target_int=\count97
\l__iow_one_indent_int=\count98
\l__iow_indent_int=\count99
\c_zero_dim=\dimen103
\c_max_dim=\dimen104
\l_tmpa_dim=\dimen105
\l_tmpb_dim=\dimen106
\g_tmpa_dim=\dimen107
\g_tmpb_dim=\dimen108
\c_zero_skip=\skip43
\c_max_skip=\skip44
\l_tmpa_skip=\skip45
\l_tmpb_skip=\skip46
\g_tmpa_skip=\skip47
\g_tmpb_skip=\skip48
\c_zero_muskip=\muskip10
\c_max_muskip=\muskip11
\l_tmpa_muskip=\muskip12
\l_tmpb_muskip=\muskip13
\g_tmpa_muskip=\muskip14
\g_tmpb_muskip=\muskip15
\l_keys_choice_int=\count100
\l__intarray_loop_int=\count101
\c__intarray_sp_dim=\dimen109
\g__intarray_font_int=\count102
\c__fp_leading_shift_int=\count103
\c__fp_middle_shift_int=\count104
\c__fp_trailing_shift_int=\count105
\c__fp_big_leading_shift_int=\count106
\c__fp_big_middle_shift_int=\count107
\c__fp_big_trailing_shift_int=\count108
\c__fp_Bigg_leading_shift_int=\count109
\c__fp_Bigg_middle_shift_int=\count110
\c__fp_Bigg_trailing_shift_int=\count111
\g__fp_array_int=\count112
\l__fp_array_loop_int=\count113
\l__sort_length_int=\count114
\l__sort_min_int=\count115
\l__sort_top_int=\count116
\l__sort_max_int=\count117
\l__sort_true_max_int=\count118
\l__sort_block_int=\count119
\l__sort_begin_int=\count120
\l__sort_end_int=\count121
\l__sort_A_int=\count122
\l__sort_B_int=\count123
\l__sort_C_int=\count124
\l__tl_analysis_normal_int=\count125
\l__tl_analysis_index_int=\count126
\l__tl_analysis_nesting_int=\count127
\l__tl_analysis_type_int=\count128
\l__regex_internal_a_int=\count129
\l__regex_internal_b_int=\count130
\l__regex_internal_c_int=\count131
\l__regex_balance_int=\count132
\l__regex_group_level_int=\count133
\l__regex_mode_int=\count134
\c__regex_cs_in_class_mode_int=\count135
\c__regex_cs_mode_int=\count136
\l__regex_catcodes_int=\count137
\l__regex_default_catcodes_int=\count138
\c__regex_catcode_L_int=\count139
\c__regex_catcode_O_int=\count140
\c__regex_catcode_A_int=\count141
\c__regex_all_catcodes_int=\count142
\l__regex_show_lines_int=\count143
\l__regex_min_state_int=\count144
\l__regex_max_state_int=\count145
\l__regex_left_state_int=\count146
\l__regex_right_state_int=\count147
\l__regex_capturing_group_int=\count148
\l__regex_min_pos_int=\count149
\l__regex_max_pos_int=\count150
\l__regex_curr_pos_int=\count151
\l__regex_start_pos_int=\count152
\l__regex_success_pos_int=\count153
\l__regex_curr_char_int=\count154
\l__regex_curr_catcode_int=\count155
\l__regex_last_char_int=\count156
\l__regex_case_changed_char_int=\count157
\l__regex_curr_state_int=\count158
\l__regex_step_int=\count159
\l__regex_min_active_int=\count160
\l__regex_max_active_int=\count161
\l__regex_replacement_csnames_int=\count162
\l__regex_match_count_int=\count163
\l__regex_min_submatch_int=\count164
\l__regex_submatch_int=\count165
\l__regex_zeroth_submatch_int=\count166
\g__regex_trace_regex_int=\count167
\c_empty_box=\box27
\l_tmpa_box=\box28
\l_tmpb_box=\box29
\g_tmpa_box=\box30
\g_tmpb_box=\box31
\l__box_top_dim=\dimen110
\l__box_bottom_dim=\dimen111
\l__box_left_dim=\dimen112
\l__box_right_dim=\dimen113
\l__box_top_new_dim=\dimen114
\l__box_bottom_new_dim=\dimen115
\l__box_left_new_dim=\dimen116
\l__box_right_new_dim=\dimen117
\l__box_internal_box=\box32
\l__coffin_internal_box=\box33
\l__coffin_internal_dim=\dimen118
\l__coffin_offset_x_dim=\dimen119
\l__coffin_offset_y_dim=\dimen120
\l__coffin_x_dim=\dimen121
\l__coffin_y_dim=\dimen122
\l__coffin_x_prime_dim=\dimen123
\l__coffin_y_prime_dim=\dimen124
\c_empty_coffin=\box34
\l__coffin_aligned_coffin=\box35
\l__coffin_aligned_internal_coffin=\box36
\l_tmpa_coffin=\box37
\l_tmpb_coffin=\box38
\g_tmpa_coffin=\box39
\g_tmpb_coffin=\box40
\l__coffin_bounding_shift_dim=\dimen125
\l__coffin_left_corner_dim=\dimen126
\l__coffin_right_corner_dim=\dimen127
\l__coffin_bottom_corner_dim=\dimen128
\l__coffin_top_corner_dim=\dimen129
\l__coffin_scaled_total_height_dim=\dimen130
\l__coffin_scaled_width_dim=\dimen131
\c__coffin_empty_coffin=\box41
\l__coffin_display_coffin=\box42
\l__coffin_display_coord_coffin=\box43
\l__coffin_display_pole_coffin=\box44
\l__coffin_display_offset_dim=\dimen132
\l__coffin_display_x_dim=\dimen133
\l__coffin_display_y_dim=\dimen134
\g__file_internal_ior=\read1
\l__seq_internal_a_int=\count168
\l__seq_internal_b_int=\count169
\c__deprecation_minus_one=\count170
)
(c:/texlive/2019/texmf-dist/tex/latex/l3kernel/l3xdvipdfmx.def
File: l3xdvipdfmx.def 2019-04-06 v L3 Experimental driver: xdvipdfmx
\g__driver_image_int=\count171
\g__driver_pdf_object_int=\count172
))
Package: xeCJK 2019/04/07 v3.7.2 Typesetting CJK scripts with XeLaTeX

(c:/texlive/2019/texmf-dist/tex/latex/l3packages/xtemplate/xtemplate.sty
Package: xtemplate 2019-03-05 L3 Experimental prototype document functions
\l__xtemplate_tmp_dim=\dimen135
\l__xtemplate_tmp_int=\count173
\l__xtemplate_tmp_muskip=\muskip16
\l__xtemplate_tmp_skip=\skip49
)
(c:/texlive/2019/texmf-dist/tex/latex/l3packages/xparse/xparse.sty
Package: xparse 2019-03-05 L3 Experimental document command parser
\l__xparse_current_arg_int=\count174
\g__xparse_grabber_int=\count175
\l__xparse_m_args_int=\count176
\l__xparse_v_nesting_int=\count177
)
(c:/texlive/2019/texmf-dist/tex/latex/l3packages/l3keys2e/l3keys2e.sty
Package: l3keys2e 2019-03-05 LaTeX2e option processing using LaTeX3 keys
)
\l__xeCJK_tmp_int=\count178
\l__xeCJK_tmp_box=\box45
\l__xeCJK_tmp_dim=\dimen136
\l__xeCJK_tmp_skip=\skip50
\g__xeCJK_space_factor_int=\count179
\l__xeCJK_begin_int=\count180
\l__xeCJK_end_int=\count181
\c__xeCJK_CJK_class_int=\XeTeXcharclass1
\c__xeCJK_FullLeft_class_int=\XeTeXcharclass2
\c__xeCJK_FullRight_class_int=\XeTeXcharclass3
\c__xeCJK_HalfLeft_class_int=\XeTeXcharclass4
\c__xeCJK_HalfRight_class_int=\XeTeXcharclass5
\c__xeCJK_NormalSpace_class_int=\XeTeXcharclass6
\c__xeCJK_CM_class_int=\XeTeXcharclass7
\c__xeCJK_HangulJamo_class_int=\XeTeXcharclass8
\l__xeCJK_last_skip=\skip51
\g__xeCJK_node_int=\count182
\c__xeCJK_CJK_node_dim=\dimen137
\c__xeCJK_CJK-space_node_dim=\dimen138
\c__xeCJK_default_node_dim=\dimen139
\c__xeCJK_default-space_node_dim=\dimen140
\c__xeCJK_CJK-widow_node_dim=\dimen141
\c__xeCJK_normalspace_node_dim=\dimen142
\l__xeCJK_ccglue_skip=\skip52
\l__xeCJK_ecglue_skip=\skip53
\l__xeCJK_punct_kern_skip=\skip54
\l__xeCJK_last_penalty_int=\count183
\l__xeCJK_last_bound_dim=\dimen143
\l__xeCJK_last_kern_dim=\dimen144
\l__xeCJK_widow_penalty_int=\count184

Package xtemplate Info: Declaring object type 'xeCJK/punctuation' taking 0
(xtemplate)             argument(s) on line 2352.

\l__xeCJK_fixed_punct_width_dim=\dimen145
\l__xeCJK_mixed_punct_width_dim=\dimen146
\l__xeCJK_middle_punct_width_dim=\dimen147
\l__xeCJK_fixed_margin_width_dim=\dimen148
\l__xeCJK_mixed_margin_width_dim=\dimen149
\l__xeCJK_middle_margin_width_dim=\dimen150
\l__xeCJK_bound_punct_width_dim=\dimen151
\l__xeCJK_bound_margin_width_dim=\dimen152
\l__xeCJK_margin_minimum_dim=\dimen153
\l__xeCJK_kerning_total_width_dim=\dimen154
\l__xeCJK_same_align_margin_dim=\dimen155
\l__xeCJK_different_align_margin_dim=\dimen156
\l__xeCJK_kerning_margin_width_dim=\dimen157
\l__xeCJK_kerning_margin_minimum_dim=\dimen158
\l__xeCJK_bound_dim=\dimen159
\l__xeCJK_reverse_bound_dim=\dimen160
\l__xeCJK_minimum_bound_dim=\dimen161
\l__xeCJK_kerning_margin_dim=\dimen162
\l__xeCJK_original_margin_dim=\dimen163
\g__xeCJK_family_int=\count185
\l__xeCJK_fam_int=\count186
\g__xeCJK_fam_allocation_int=\count187
\l__xeCJK_verb_case_int=\count188
\l__xeCJK_verb_exspace_skip=\skip55

(c:/texlive/2019/texmf-dist/tex/latex/fontspec/fontspec.sty
Package: fontspec 2019/03/15 v2.7c Font selection for XeLaTeX and LuaLaTeX

(c:/texlive/2019/texmf-dist/tex/latex/fontspec/fontspec-xetex.sty
Package: fontspec-xetex 2019/03/15 v2.7c Font selection for XeLaTeX and LuaLaTe
X
\l__fontspec_script_int=\count189
\l__fontspec_language_int=\count190
\l__fontspec_strnum_int=\count191
\l__fontspec_tmp_int=\count192
\l__fontspec_tmpa_int=\count193
\l__fontspec_tmpb_int=\count194
\l__fontspec_tmpc_int=\count195
\l__fontspec_em_int=\count196
\l__fontspec_emdef_int=\count197
\l__fontspec_strong_int=\count198
\l__fontspec_strongdef_int=\count199
\l__fontspec_tmpa_dim=\dimen164
\l__fontspec_tmpb_dim=\dimen165
\l__fontspec_tmpc_dim=\dimen166

(c:/texlive/2019/texmf-dist/tex/latex/base/fontenc.sty
Package: fontenc 2018/08/11 v2.0j Standard LaTeX package

(c:/texlive/2019/texmf-dist/tex/latex/base/tuenc.def
File: tuenc.def 2018/08/11 v2.0j Standard LaTeX file
LaTeX Font Info:    Redeclaring font encoding TU on input line 82.
))
(c:/texlive/2019/texmf-dist/tex/latex/fontspec/fontspec.cfg)
LaTeX Info: Redefining \itshape on input line 4051.
LaTeX Info: Redefining \slshape on input line 4056.
LaTeX Info: Redefining \scshape on input line 4061.
LaTeX Info: Redefining \upshape on input line 4066.
LaTeX Info: Redefining \em on input line 4096.
LaTeX Info: Redefining \emph on input line 4121.
))
(c:/texlive/2019/texmf-dist/tex/xelatex/xecjk/xeCJK.cfg
File: xeCJK.cfg 2019/04/07 v3.7.2 Configuration file for xeCJK package
))
(c:/texlive/2019/texmf-dist/tex/latex/amsmath/amsmath.sty
Package: amsmath 2018/12/01 v2.17b AMS math features
\@mathmargin=\skip56

For additional information on amsmath, use the `?' option.
(c:/texlive/2019/texmf-dist/tex/latex/amsmath/amstext.sty
Package: amstext 2000/06/29 v2.01 AMS text

(c:/texlive/2019/texmf-dist/tex/latex/amsmath/amsgen.sty
File: amsgen.sty 1999/11/30 v2.0 generic functions
\@emptytoks=\toks14
\ex@=\dimen167
))
(c:/texlive/2019/texmf-dist/tex/latex/amsmath/amsbsy.sty
Package: amsbsy 1999/11/29 v1.2d Bold Symbols
\pmbraise@=\dimen168
)
(c:/texlive/2019/texmf-dist/tex/latex/amsmath/amsopn.sty
Package: amsopn 2016/03/08 v2.02 operator names
)
\inf@bad=\count266
LaTeX Info: Redefining \frac on input line 223.
\uproot@=\count267
\leftroot@=\count268
LaTeX Info: Redefining \overline on input line 385.
\classnum@=\count269
\DOTSCASE@=\count270
LaTeX Info: Redefining \ldots on input line 482.
LaTeX Info: Redefining \dots on input line 485.
LaTeX Info: Redefining \cdots on input line 606.
\Mathstrutbox@=\box46
\strutbox@=\box47
\big@size=\dimen169
LaTeX Font Info:    Redeclaring font encoding OML on input line 729.
LaTeX Font Info:    Redeclaring font encoding OMS on input line 730.
\macc@depth=\count271
\c@MaxMatrixCols=\count272
\dotsspace@=\muskip17
\c@parentequation=\count273
\dspbrk@lvl=\count274
\tag@help=\toks15
\row@=\count275
\column@=\count276
\maxfields@=\count277
\andhelp@=\toks16
\eqnshift@=\dimen170
\alignsep@=\dimen171
\tagshift@=\dimen172
\tagwidth@=\dimen173
\totwidth@=\dimen174
\lineht@=\dimen175
\@envbody=\toks17
\multlinegap=\skip57
\multlinetaggap=\skip58
\mathdisplay@stack=\toks18
LaTeX Info: Redefining \[ on input line 2844.
LaTeX Info: Redefining \] on input line 2845.
)
(c:/texlive/2019/texmf-dist/tex/latex/amscls/amsthm.sty
Package: amsthm 2017/10/31 v2.20.4
\thm@style=\toks19
\thm@bodyfont=\toks20
\thm@headfont=\toks21
\thm@notefont=\toks22
\thm@headpunct=\toks23
\thm@preskip=\skip59
\thm@postskip=\skip60
\thm@headsep=\skip61
\dth@everypar=\toks24
)
(c:/texlive/2019/texmf-dist/tex/latex/listings/listings.sty
(c:/texlive/2019/texmf-dist/tex/latex/graphics/keyval.sty
Package: keyval 2014/10/28 v1.15 key=value parser (DPC)
\KV@toks@=\toks25
)
\lst@mode=\count278
\lst@gtempboxa=\box48
\lst@token=\toks26
\lst@length=\count279
\lst@currlwidth=\dimen176
\lst@column=\count280
\lst@pos=\count281
\lst@lostspace=\dimen177
\lst@width=\dimen178
\lst@newlines=\count282
\lst@lineno=\count283
\lst@maxwidth=\dimen179

(c:/texlive/2019/texmf-dist/tex/latex/listings/lstmisc.sty
File: lstmisc.sty 2019/02/27 1.8b (Carsten Heinz)
\c@lstnumber=\count284
\lst@skipnumbers=\count285
\lst@framebox=\box49
)
(c:/texlive/2019/texmf-dist/tex/latex/listings/listings.cfg
File: listings.cfg 2019/02/27 1.8b listings configuration
))
Package: listings 2019/02/27 1.8b (Carsten Heinz)

(c:/texlive/2019/texmf-dist/tex/latex/xcolor/xcolor.sty
Package: xcolor 2016/05/11 v2.12 LaTeX color extensions (UK)

(c:/texlive/2019/texmf-dist/tex/latex/graphics-cfg/color.cfg
File: color.cfg 2016/01/02 v1.6 sample color configuration
)
Package xcolor Info: Driver file: xetex.def on input line 225.

(c:/texlive/2019/texmf-dist/tex/latex/graphics-def/xetex.def
File: xetex.def 2017/06/24 v5.0h Graphics/color driver for xetex
)
Package xcolor Info: Model `cmy' substituted by `cmy0' on input line 1348.
Package xcolor Info: Model `RGB' extended on input line 1364.
Package xcolor Info: Model `HTML' substituted by `rgb' on input line 1366.
Package xcolor Info: Model `Hsb' substituted by `hsb' on input line 1367.
Package xcolor Info: Model `tHsb' substituted by `hsb' on input line 1368.
Package xcolor Info: Model `HSB' substituted by `hsb' on input line 1369.
Package xcolor Info: Model `Gray' substituted by `gray' on input line 1370.
Package xcolor Info: Model `wave' substituted by `hsb' on input line 1371.
)
(c:/texlive/2019/texmf-dist/tex/latex/geometry/geometry.sty
Package: geometry 2018/04/16 v5.8 Page Geometry

(c:/texlive/2019/texmf-dist/tex/generic/oberdiek/ifpdf.sty
Package: ifpdf 2018/09/07 v3.3 Provides the ifpdf switch
)
(c:/texlive/2019/texmf-dist/tex/generic/oberdiek/ifvtex.sty
Package: ifvtex 2016/05/16 v1.6 Detect VTeX and its facilities (HO)
Package ifvtex Info: VTeX not detected.
)
(c:/texlive/2019/texmf-dist/tex/generic/ifxetex/ifxetex.sty
Package: ifxetex 2010/09/12 v0.6 Provides ifxetex conditional
)
\Gm@cnth=\count286
\Gm@cntv=\count287
\c@Gm@tempcnt=\count288
\Gm@bindingoffset=\dimen180
\Gm@wd@mp=\dimen181
\Gm@odd@mp=\dimen182
\Gm@even@mp=\dimen183
\Gm@layoutwidth=\dimen184
\Gm@layoutheight=\dimen185
\Gm@layouthoffset=\dimen186
\Gm@layoutvoffset=\dimen187
\Gm@dimlist=\toks27
)
(c:/texlive/2019/texmf-dist/tex/latex/graphics/graphicx.sty
Package: graphicx 2017/06/01 v1.1a Enhanced LaTeX Graphics (DPC,SPQR)

(c:/texlive/2019/texmf-dist/tex/latex/graphics/graphics.sty
Package: graphics 2017/06/25 v1.2c Standard LaTeX Graphics (DPC,SPQR)

(c:/texlive/2019/texmf-dist/tex/latex/graphics/trig.sty
Package: trig 2016/01/03 v1.10 sin cos tan (DPC)
)
(c:/texlive/2019/texmf-dist/tex/latex/graphics-cfg/graphics.cfg
File: graphics.cfg 2016/06/04 v1.11 sample graphics configuration
)
Package graphics Info: Driver file: xetex.def on input line 99.
)
\Gin@req@height=\dimen188
\Gin@req@width=\dimen189
)
(c:/texlive/2019/texmf-dist/tex/latex/fancyhdr/fancyhdr.sty
Package: fancyhdr 2019/01/31 v3.10 Extensive control of page headers and footer
s
\f@nch@headwidth=\skip62
\f@nch@O@elh=\skip63
\f@nch@O@erh=\skip64
\f@nch@O@olh=\skip65
\f@nch@O@orh=\skip66
\f@nch@O@elf=\skip67
\f@nch@O@erf=\skip68
\f@nch@O@olf=\skip69
\f@nch@O@orf=\skip70
)
(c:/texlive/2019/texmf-dist/tex/latex/makecell/makecell.sty
Package: makecell 2009/08/03 V0.1e Managing of Tab Column Heads and Cells

(c:/texlive/2019/texmf-dist/tex/latex/tools/array.sty
Package: array 2018/12/30 v2.4k Tabular extension package (FMi)
\col@sep=\dimen190
\ar@mcellbox=\box50
\extrarowheight=\dimen191
\NC@list=\toks28
\extratabsurround=\skip71
\backup@length=\skip72
\ar@cellbox=\box51
)
\rotheadsize=\dimen192
\c@nlinenum=\count289
\TeXr@lab=\toks29
)
(c:/texlive/2019/texmf-dist/tex/latex/hyperref/hyperref.sty
Package: hyperref 2018/11/30 v6.88e Hypertext links for LaTeX

(c:/texlive/2019/texmf-dist/tex/generic/oberdiek/hobsub-hyperref.sty
Package: hobsub-hyperref 2016/05/16 v1.14 Bundle oberdiek, subset hyperref (HO)


(c:/texlive/2019/texmf-dist/tex/generic/oberdiek/hobsub-generic.sty
Package: hobsub-generic 2016/05/16 v1.14 Bundle oberdiek, subset generic (HO)
Package: hobsub 2016/05/16 v1.14 Construct package bundles (HO)
Package: infwarerr 2016/05/16 v1.4 Providing info/warning/error messages (HO)
Package: ltxcmds 2016/05/16 v1.23 LaTeX kernel commands for general use (HO)
Package: ifluatex 2016/05/16 v1.4 Provides the ifluatex switch (HO)
Package ifluatex Info: LuaTeX not detected.
Package hobsub Info: Skipping package `ifvtex' (already loaded).
Package: intcalc 2016/05/16 v1.2 Expandable calculations with integers (HO)
Package hobsub Info: Skipping package `ifpdf' (already loaded).
Package: etexcmds 2016/05/16 v1.6 Avoid name clashes with e-TeX commands (HO)
Package: kvsetkeys 2016/05/16 v1.17 Key value parser (HO)
Package: kvdefinekeys 2016/05/16 v1.4 Define keys (HO)
Package: pdftexcmds 2018/09/10 v0.29 Utility functions of pdfTeX for LuaTeX (HO
)
Package pdftexcmds Info: LuaTeX not detected.
Package pdftexcmds Info: pdfTeX >= 1.30 not detected.
Package pdftexcmds Info: \pdf@primitive is available.
Package pdftexcmds Info: \pdf@ifprimitive is available.
Package pdftexcmds Info: \pdfdraftmode not found.
Package: pdfescape 2016/05/16 v1.14 Implements pdfTeX's escape features (HO)
Package: bigintcalc 2016/05/16 v1.4 Expandable calculations on big integers (HO
)
Package: bitset 2016/05/16 v1.2 Handle bit-vector datatype (HO)
Package: uniquecounter 2016/05/16 v1.3 Provide unlimited unique counter (HO)
)
Package hobsub Info: Skipping package `hobsub' (already loaded).
Package: letltxmacro 2016/05/16 v1.5 Let assignment for LaTeX macros (HO)
Package: hopatch 2016/05/16 v1.3 Wrapper for package hooks (HO)
Package: xcolor-patch 2016/05/16 xcolor patch
Package: atveryend 2016/05/16 v1.9 Hooks at the very end of document (HO)
Package atveryend Info: \enddocument detected (standard20110627).
Package: atbegshi 2016/06/09 v1.18 At begin shipout hook (HO)
Package: refcount 2016/05/16 v3.5 Data extraction from label references (HO)
Package: hycolor 2016/05/16 v1.8 Color options for hyperref/bookmark (HO)
)
(c:/texlive/2019/texmf-dist/tex/latex/oberdiek/auxhook.sty
Package: auxhook 2016/05/16 v1.4 Hooks for auxiliary files (HO)
)
(c:/texlive/2019/texmf-dist/tex/latex/oberdiek/kvoptions.sty
Package: kvoptions 2016/05/16 v3.12 Key value format for package options (HO)
)
\@linkdim=\dimen193
\Hy@linkcounter=\count290
\Hy@pagecounter=\count291

(c:/texlive/2019/texmf-dist/tex/latex/hyperref/pd1enc.def
File: pd1enc.def 2018/11/30 v6.88e Hyperref: PDFDocEncoding definition (HO)
)
\Hy@SavedSpaceFactor=\count292

(c:/texlive/2019/texmf-dist/tex/latex/latexconfig/hyperref.cfg
File: hyperref.cfg 2002/06/06 v1.2 hyperref configuration of TeXLive
)
Package hyperref Info: Option `breaklinks' set `true' on input line 4393.
Package hyperref Info: Option `colorlinks' set `true' on input line 4393.
Package hyperref Info: Hyper figures OFF on input line 4519.
Package hyperref Info: Link nesting OFF on input line 4524.
Package hyperref Info: Hyper index ON on input line 4527.
Package hyperref Info: Plain pages OFF on input line 4534.
Package hyperref Info: Backreferencing OFF on input line 4539.
Package hyperref Info: Implicit mode ON; LaTeX internals redefined.
Package hyperref Info: Bookmarks ON on input line 4772.
\c@Hy@tempcnt=\count293

(c:/texlive/2019/texmf-dist/tex/latex/url/url.sty
\Urlmuskip=\muskip18
Package: url 2013/09/16  ver 3.4  Verb mode for urls, etc.
)
LaTeX Info: Redefining \url on input line 5125.
\XeTeXLinkMargin=\dimen194
\Fld@menulength=\count294
\Field@Width=\dimen195
\Fld@charsize=\dimen196
Package hyperref Info: Hyper figures OFF on input line 6380.
Package hyperref Info: Link nesting OFF on input line 6385.
Package hyperref Info: Hyper index ON on input line 6388.
Package hyperref Info: backreferencing OFF on input line 6395.
Package hyperref Info: Link coloring ON on input line 6398.
Package hyperref Info: Link coloring with OCG OFF on input line 6405.
Package hyperref Info: PDF/A mode OFF on input line 6410.
LaTeX Info: Redefining \ref on input line 6450.
LaTeX Info: Redefining \pageref on input line 6454.
\Hy@abspage=\count295
\c@Item=\count296
\c@Hfootnote=\count297
)
Package hyperref Info: Driver (autodetected): hxetex.

(c:/texlive/2019/texmf-dist/tex/latex/hyperref/hxetex.def
File: hxetex.def 2018/11/30 v6.88e Hyperref driver for XeTeX

(c:/texlive/2019/texmf-dist/tex/latex/hyperref/puenc.def
File: puenc.def 2018/11/30 v6.88e Hyperref: PDF Unicode definition (HO)
)
(c:/texlive/2019/texmf-dist/tex/generic/oberdiek/stringenc.sty
Package: stringenc 2016/05/16 v1.11 Convert strings between diff. encodings (HO
)
)
\pdfm@box=\box52
\c@Hy@AnnotLevel=\count298
\HyField@AnnotCount=\count299
\Fld@listcount=\count300
\c@bookmark@seq@number=\count301

(c:/texlive/2019/texmf-dist/tex/latex/oberdiek/rerunfilecheck.sty
Package: rerunfilecheck 2016/05/16 v1.8 Rerun checks for auxiliary files (HO)
Package uniquecounter Info: New unique counter `rerunfilecheck' on input line 2
82.
)
\Hy@SectionHShift=\skip73
)

Package fontspec Info: Font family 'Consolas(0)' created for font 'Consolas'
(fontspec)             with options [Ligatures=TeX].
(fontspec)              
(fontspec)              This font family consists of the following NFSS
(fontspec)             series/shapes:
(fontspec)              
(fontspec)             - 'normal' (m/n) with NFSS spec.:
(fontspec)             <->"Consolas/OT:script=latn;language=DFLT;mapping=tex-te
xt;"
(fontspec)             - 'small caps'  (m/sc) with NFSS spec.: 
(fontspec)             - 'bold' (bx/n) with NFSS spec.:
(fontspec)             <->"Consolas/B/OT:script=latn;language=DFLT;mapping=tex-
text;"
(fontspec)             - 'bold small caps'  (bx/sc) with NFSS spec.: 
(fontspec)             - 'italic' (m/it) with NFSS spec.:
(fontspec)             <->"Consolas/I/OT:script=latn;language=DFLT;mapping=tex-
text;"
(fontspec)             - 'italic small caps'  (m/itsc) with NFSS spec.: 
(fontspec)             - 'bold italic' (bx/it) with NFSS spec.:
(fontspec)             <->"Consolas/BI/OT:script=latn;language=DFLT;mapping=tex
-text;"
(fontspec)             - 'bold italic small caps'  (bx/itsc) with NFSS spec.: 

LaTeX Info: Redefining \sffamily on input line 13.

Package fontspec Info: Font family 'Consolas(1)' created for font 'Consolas'
(fontspec)             with options
(fontspec)             [WordSpace={1,0,0},HyphenChar=None,PunctuationSpace=Word
Space,Mapping={}].
(fontspec)              
(fontspec)              This font family consists of the following NFSS
(fontspec)             series/shapes:
(fontspec)              
(fontspec)             - 'normal' (m/n) with NFSS spec.:
(fontspec)             <->"Consolas/OT:script=latn;language=DFLT;"
(fontspec)             - 'small caps'  (m/sc) with NFSS spec.: 
(fontspec)             and font adjustment code:
(fontspec)             \fontdimen 2\font =1\fontdimen 2\font \fontdimen 3\font
(fontspec)             =0\fontdimen 3\font \fontdimen 4\font =0\fontdimen
(fontspec)             4\font \fontdimen 7\font =0\fontdimen 2\font
(fontspec)             \tex_hyphenchar:D \font =-1\scan_stop: 
(fontspec)             - 'bold' (bx/n) with NFSS spec.:
(fontspec)             <->"Consolas/B/OT:script=latn;language=DFLT;"
(fontspec)             - 'bold small caps'  (bx/sc) with NFSS spec.: 
(fontspec)             and font adjustment code:
(fontspec)             \fontdimen 2\font =1\fontdimen 2\font \fontdimen 3\font
(fontspec)             =0\fontdimen 3\font \fontdimen 4\font =0\fontdimen
(fontspec)             4\font \fontdimen 7\font =0\fontdimen 2\font
(fontspec)             \tex_hyphenchar:D \font =-1\scan_stop: 
(fontspec)             - 'italic' (m/it) with NFSS spec.:
(fontspec)             <->"Consolas/I/OT:script=latn;language=DFLT;"
(fontspec)             - 'italic small caps'  (m/itsc) with NFSS spec.: 
(fontspec)             and font adjustment code:
(fontspec)             \fontdimen 2\font =1\fontdimen 2\font \fontdimen 3\font
(fontspec)             =0\fontdimen 3\font \fontdimen 4\font =0\fontdimen
(fontspec)             4\font \fontdimen 7\font =0\fontdimen 2\font
(fontspec)             \tex_hyphenchar:D \font =-1\scan_stop: 
(fontspec)             - 'bold italic' (bx/it) with NFSS spec.:
(fontspec)             <->"Consolas/BI/OT:script=latn;language=DFLT;"
(fontspec)             - 'bold italic small caps'  (bx/itsc) with NFSS spec.: 
(fontspec)             and font adjustment code:
(fontspec)             \fontdimen 2\font =1\fontdimen 2\font \fontdimen 3\font
(fontspec)             =0\fontdimen 3\font \fontdimen 4\font =0\fontdimen
(fontspec)             4\font \fontdimen 7\font =0\fontdimen 2\font
(fontspec)             \tex_hyphenchar:D \font =-1\scan_stop: 

LaTeX Info: Redefining \ttfamily on input line 14.

(c:/texlive/2019/texmf-dist/tex/xelatex/xunicode/xunicode.sty
File: xunicode.sty 2011/09/09 v0.981 provides access to latin accents and many 
other characters in Unicode lower plane

(c:/texlive/2019/texmf-dist/tex/latex/tipa/t3enc.def
File: t3enc.def 2001/12/31 T3 encoding
)
\tipaTiiicode=\count302
\tipasavetokens=\toks30
\tipachecktokens=\toks31
)
(c:/texlive/2019/texmf-dist/tex/xelatex/xltxtra/xltxtra.sty
Package: xltxtra 2018/12/31 v0.7 Improvements for the "XeLaTeX" format

(c:/texlive/2019/texmf-dist/tex/latex/realscripts/realscripts.sty
Package: realscripts 2016/02/13 v0.3d Access OpenType subscripts and superscrip
ts
\subsupersep=\dimen197
)
(c:/texlive/2019/texmf-dist/tex/latex/metalogo/metalogo.sty
Package: metalogo 2010/05/29 v0.12 Extended TeX logo macros
\xl@everylogo=\toks32
\xl@@everylogo=\toks33
LaTeX Info: Redefining \TeX on input line 193.
LaTeX Info: Redefining \LaTeX on input line 202.
LaTeX Info: Redefining \LaTeXe on input line 219.
)
\l__xetex_show_hyphens_wrapping_box=\box53
\l__xetex_show_hyphens_temp_box=\box54
\l__xetex_show_hyphens_final_box=\box55
\g__xetex_show_hyphens_word_box=\box56
)

Package fontspec Info: Could not resolve font "Microsoft YaHei/I" (it probably
(fontspec)             doesn't exist).


Package fontspec Info: Font family 'MicrosoftYaHei(0)' created for font
(fontspec)             'Microsoft YaHei' with options [Ligatures=TeX].
(fontspec)              
(fontspec)              This font family consists of the following NFSS
(fontspec)             series/shapes:
(fontspec)              
(fontspec)             - 'normal' (m/n) with NFSS spec.: <->"Microsoft
(fontspec)             YaHei/OT:script=latn;language=DFLT;mapping=tex-text;"
(fontspec)             - 'small caps'  (m/sc) with NFSS spec.: 
(fontspec)             - 'bold' (bx/n) with NFSS spec.: <->"Microsoft
(fontspec)             YaHei/B/OT:script=latn;language=DFLT;mapping=tex-text;"
(fontspec)             - 'bold small caps'  (bx/sc) with NFSS spec.: 
(fontspec)             - 'bold italic' (bx/it) with NFSS spec.: <->"Microsoft
(fontspec)             YaHei/BI/OT:script=latn;language=DFLT;mapping=tex-text;"

(fontspec)             - 'bold italic small caps'  (bx/itsc) with NFSS spec.: 

LaTeX Info: Redefining \rmfamily on input line 20.

(c:/texlive/2019/texmf-dist/tex/latex/setspace/setspace.sty
Package: setspace 2011/12/19 v6.7a set line spacing
)
(c:/texlive/2019/texmf-dist/tex/latex/ctex/ctex.sty
Package: ctex 2019/04/07 v2.4.15 Chinese adapter in LaTeX (CTEX)

(c:/texlive/2019/texmf-dist/tex/latex/ctex/ctexhook.sty
Package: ctexhook 2019/04/07 v2.4.15 Document and package hooks (CTEX)
)
(c:/texlive/2019/texmf-dist/tex/latex/ctex/ctexpatch.sty
Package: ctexpatch 2019/04/07 v2.4.15 Patching commands (CTEX)
)
(c:/texlive/2019/texmf-dist/tex/latex/base/fix-cm.sty
Package: fix-cm 2015/01/14 v1.1t fixes to LaTeX

(c:/texlive/2019/texmf-dist/tex/latex/base/ts1enc.def
File: ts1enc.def 2001/06/05 v3.0e (jk/car/fm) Standard LaTeX file
))
(c:/texlive/2019/texmf-dist/tex/latex/ms/everysel.sty
Package: everysel 2011/10/28 v1.2 EverySelectfont Package (MS)
)
\l__ctex_tmp_int=\count303
\l__ctex_tmp_box=\box57
\l__ctex_tmp_dim=\dimen198
\g__ctex_section_depth_int=\count304
\g__ctex_font_size_int=\count305

(c:/texlive/2019/texmf-dist/tex/latex/ctex/config/ctexopts.cfg
File: ctexopts.cfg 2019/04/07 v2.4.15 Option configuration file (CTEX)
)
(c:/texlive/2019/texmf-dist/tex/latex/ctex/engine/ctex-engine-xetex.def
File: ctex-engine-xetex.def 2019/04/07 v2.4.15 XeLaTeX adapter (CTEX)

(c:/texlive/2019/texmf-dist/tex/xelatex/xecjk/xeCJKfntef.sty
Package: xeCJKfntef 2019/04/07 v3.7.2 xeCJK font effect

(c:/texlive/2019/texmf-dist/tex/generic/ulem/ulem.sty
\UL@box=\box58
\UL@hyphenbox=\box59
\UL@skip=\skip74
\UL@hook=\toks34
\UL@height=\dimen199
\UL@pe=\count306
\UL@pixel=\dimen256
\ULC@box=\box60
Package: ulem 2012/05/18
\ULdepth=\dimen257
)
(c:/texlive/2019/texmf-dist/tex/latex/cjk/texinput/CJKfntef.sty
Package: CJKfntef 2015/04/18 4.8.4
\CJK@fntefSkip=\skip75
\CJK@nest=\count307
\CJK@fntefDimen=\dimen258
\CJK@underdotBox=\box61
\CJK@ULbox=\box62
\CJK@underanyskip=\dimen259
)
\l__xeCJK_space_skip=\skip76
\c__xeCJK_ulem-begin_node_dim=\dimen260
\c__xeCJK_null_box=\box63
\l__xeCJK_fntef_box=\box64
\l__xeCJK_under_symbol_box=\box65
\c__xeCJK_filll_skip=\skip77
)
\ccwd=\dimen261
\l__ctex_ccglue_skip=\skip78
)
\l__ctex_ziju_dim=\dimen262

(c:/texlive/2019/texmf-dist/tex/latex/zhnumber/zhnumber.sty
Package: zhnumber 2019/04/07 v2.7 Typesetting numbers with Chinese glyphs
\l__zhnum_scale_int=\count308

(c:/texlive/2019/texmf-dist/tex/latex/zhnumber/zhnumber-utf8.cfg
File: zhnumber-utf8.cfg 2019/04/07 v2.7 Chinese numerals with UTF8 encoding
))
(c:/texlive/2019/texmf-dist/tex/latex/ctex/scheme/ctex-scheme-chinese.def
File: ctex-scheme-chinese.def 2019/04/07 v2.4.15 Chinese scheme for generic (CT
EX)

(c:/texlive/2019/texmf-dist/tex/latex/ctex/config/ctex-name-utf8.cfg
File: ctex-name-utf8.cfg 2019/04/07 v2.4.15 Caption with encoding UTF8 (CTEX)
))
(c:/texlive/2019/texmf-dist/tex/latex/tools/indentfirst.sty
Package: indentfirst 1995/11/23 v1.03 Indent first paragraph (DPC)
)
(c:/texlive/2019/texmf-dist/tex/latex/ctex/ctex-c5size.clo
File: ctex-c5size.clo 2019/04/07 v2.4.15 c5size option (CTEX)
)
(c:/texlive/2019/texmf-dist/tex/latex/ctex/fontset/ctex-fontset-windows.def
File: ctex-fontset-windows.def 2019/04/07 v2.4.15 Windows fonts definition (CTE
X)

(c:/texlive/2019/texmf-dist/tex/latex/ctex/fontset/ctex-fontset-windowsnew.def
File: ctex-fontset-windowsnew.def 2019/04/07 v2.4.15 Windows fonts definition f
or Vista or later version (CTEX)

Package fontspec Info: Could not resolve font "KaiTi/B" (it probably doesn't
(fontspec)             exist).


Package fontspec Info: Could not resolve font "SimHei/I" (it probably doesn't
(fontspec)             exist).


Package fontspec Info: Could not resolve font "SimSun/BI" (it probably doesn't
(fontspec)             exist).


Package fontspec Info: Font family 'SimSun(0)' created for font 'SimSun' with
(fontspec)             options
(fontspec)             [Script={CJK},BoldFont={SimHei},ItalicFont={KaiTi}].
(fontspec)              
(fontspec)              This font family consists of the following NFSS
(fontspec)             series/shapes:
(fontspec)              
(fontspec)             - 'normal' (m/n) with NFSS spec.:
(fontspec)             <->"SimSun/OT:script=hani;language=DFLT;"
(fontspec)             - 'small caps'  (m/sc) with NFSS spec.: 
(fontspec)             - 'bold' (bx/n) with NFSS spec.:
(fontspec)             <->"SimHei/OT:script=hani;language=DFLT;"
(fontspec)             - 'bold small caps'  (bx/sc) with NFSS spec.: 
(fontspec)             - 'italic' (m/it) with NFSS spec.:
(fontspec)             <->"KaiTi/OT:script=hani;language=DFLT;"
(fontspec)             - 'italic small caps'  (m/itsc) with NFSS spec.: 

))) (c:/texlive/2019/texmf-dist/tex/latex/ctex/config/ctex.cfg
File: ctex.cfg 2019/04/07 v2.4.15 Configuration file (CTEX)
)
(c:/texlive/2019/texmf-dist/tex/latex/fncychap/fncychap.sty
Package: fncychap 2007/07/30 v1.34 LaTeX package (Revised chapters)
\RW=\skip79
\mylen=\skip80
\myhi=\skip81
\px=\skip82
\py=\skip83
\pyy=\skip84
\pxx=\skip85
\backskip=\skip86
)
(c:/texlive/2019/texmf-dist/tex/latex/tools/verbatim.sty
Package: verbatim 2014/10/28 v1.5q LaTeX2e package for verbatim enhancements
\every@verbatim=\toks35
\verbatim@line=\toks36
\verbatim@in@stream=\read2
)
(c:/texlive/2019/texmf-dist/tex/latex/titlesec/titlesec.sty
Package: titlesec 2016/03/21 v2.10.2 Sectioning titles
\ttl@box=\box66
\beforetitleunit=\skip87
\aftertitleunit=\skip88
\ttl@plus=\dimen263
\ttl@minus=\dimen264
\ttl@toksa=\toks37
\titlewidth=\dimen265
\titlewidthlast=\dimen266
\titlewidthfirst=\dimen267
)
(c:/texlive/2019/texmf-dist/tex/latex/markdown/markdown.sty
(c:/texlive/2019/texmf-dist/tex/latex/base/ifthen.sty
Package: ifthen 2014/09/29 v1.1c Standard LaTeX ifthen package (DPC)
)
(c:/texlive/2019/texmf-dist/tex/latex/fancyvrb/fancyvrb.sty
Package: fancyvrb 2019/01/15

Style option: `fancyvrb' v3.2a <2019/01/15> (tvz)
\FV@CodeLineNo=\count309
\FV@InFile=\read3
\FV@TabBox=\box67
\c@FancyVerbLine=\count310
\FV@StepNumber=\count311
\FV@OutFile=\write3
)
(c:/texlive/2019/texmf-dist/tex/latex/csvsimple/csvsimple.sty
Package: csvsimple 2016/07/01 version 1.20 LaTeX CSV file processing

(c:/texlive/2019/texmf-dist/tex/latex/pgf/utilities/pgfkeys.sty
(c:/texlive/2019/texmf-dist/tex/generic/pgf/utilities/pgfkeys.code.tex
\pgfkeys@pathtoks=\toks38
\pgfkeys@temptoks=\toks39

(c:/texlive/2019/texmf-dist/tex/generic/pgf/utilities/pgfkeysfiltered.code.tex
\pgfkeys@tmptoks=\toks40
))) (c:/texlive/2019/texmf-dist/tex/latex/etoolbox/etoolbox.sty
Package: etoolbox 2018/08/19 v2.5f e-TeX tools for LaTeX (JAW)
\etb@tempcnta=\count312
)
(c:/texlive/2019/texmf-dist/tex/latex/tools/shellesc.sty
Package: shellesc 2016/06/07 v0.02a unified shell escape interface for LaTeX
Package shellesc Info: Restricted shell escape enabled on input line 69.
)
\csv@file=\read4
\c@csvinputline=\count313
\c@csvrow=\count314
\c@csvcol=\count315
\csv@out=\write4
)
(c:/texlive/2019/texmf-dist/tex/generic/gobble/gobble.sty
Package: gobble 2019/01/04 v0.2 Provides more gobble macros

(c:/texlive/2019/texmf-dist/tex/generic/gobble/gobble.tex))
(c:/texlive/2019/texmf-dist/tex/generic/markdown/markdown.tex
\markdownInputFileStream=\read5
\markdownOutputFileStream=\write5
(l.499) markdown.tex info: Using mode 0: Shell escape via write18.
)
Package: markdown 2019/04/04 v2.7.0 markdown renderer

(c:/texlive/2019/texmf-dist/tex/latex/paralist/paralist.sty
Package: paralist 2017/01/22 v2.7 Extended list environments
\pltopsep=\skip89
\plpartopsep=\skip90
\plitemsep=\skip91
\plparsep=\skip92
\pl@lab=\toks41
)
\markdownLaTeXCitationsCounter=\count316
)

Package fontspec Info: Font family 'Monaco(0)' created for font 'Monaco' with
(fontspec)             options [].
(fontspec)              
(fontspec)              This font family consists of the following NFSS
(fontspec)             series/shapes:
(fontspec)              
(fontspec)             - 'normal' (m/n) with NFSS spec.: <->"Monaco/OT"
(fontspec)             - 'small caps'  (m/sc) with NFSS spec.: 
(fontspec)             - 'bold' (bx/n) with NFSS spec.: <->"Monaco/B/OT"
(fontspec)             - 'bold small caps'  (bx/sc) with NFSS spec.: 
(fontspec)             - 'italic' (m/it) with NFSS spec.: <->"Monaco/I/OT"
(fontspec)             - 'italic small caps'  (m/itsc) with NFSS spec.: 
(fontspec)             - 'bold italic' (bx/it) with NFSS spec.:
(fontspec)             <->"Monaco/BI/OT"
(fontspec)             - 'bold italic small caps'  (bx/itsc) with NFSS spec.: 


(c:/texlive/2019/texmf-dist/tex/latex/listings/lstlang1.sty
File: lstlang1.sty 2019/02/27 1.8b listings language file
)
(c:/texlive/2019/texmf-dist/tex/latex/listings/lstlang1.sty
File: lstlang1.sty 2019/02/27 1.8b listings language file
)
(c:/texlive/2019/texmf-dist/tex/latex/listings/lstmisc.sty
File: lstmisc.sty 2019/02/27 1.8b (Carsten Heinz)
)
(c:/texlive/2019/texmf-dist/tex/xelatex/xecjk/xunicode-addon.sty
Package: xunicode-addon 2019/04/07 v3.7.2 addon file for xunicode
\l__xunadd_tmp_coffin=\box68
\l__xunadd_circle_coffin=\box69
\l_xunadd_slot_int=\count317
)
(c:/texlive/2019/texmf-dist/tex/xelatex/xunicode/xunicode.sty
File: xunicode.sty 2011/09/09 v0.981 provides access to latin accents and many 
other characters in Unicode lower plane

*** Reloading Xunicode for encoding 'TU' ***
) (c:/texlive/2019/texmf-dist/tex/xelatex/xecjk/xunicode-extra.def
File: xunicode-extra.def 2019/04/07 v3.7.2 extra definition for xunicode
)
(c:/texlive/2019/texmf-dist/tex/xelatex/xecjk/xeCJK-listings.sty
Package: xeCJK-listings 2019/04/07 v3.7.2 xeCJK patch file for listings
\l__xeCJK_listings_max_char_int=\count318
\l__xeCJK_listings_flag_int=\count319
) (./ZJPC2.aux

LaTeX Warning: Label `bs' multiply defined.


LaTeX Warning: Label `bs' multiply defined.


LaTeX Warning: Label `bs' multiply defined.


LaTeX Warning: Label `bs' multiply defined.

)
\openout1 = `ZJPC2.aux'.

LaTeX Font Info:    Checking defaults for OML/cmm/m/it on input line 94.
LaTeX Font Info:    ... okay on input line 94.
LaTeX Font Info:    Checking defaults for T1/cmr/m/n on input line 94.
LaTeX Font Info:    ... okay on input line 94.
LaTeX Font Info:    Checking defaults for OT1/cmr/m/n on input line 94.
LaTeX Font Info:    ... okay on input line 94.
LaTeX Font Info:    Checking defaults for OMS/cmsy/m/n on input line 94.
LaTeX Font Info:    ... okay on input line 94.
LaTeX Font Info:    Checking defaults for TU/lmr/m/n on input line 94.
LaTeX Font Info:    ... okay on input line 94.
LaTeX Font Info:    Checking defaults for OMX/cmex/m/n on input line 94.
LaTeX Font Info:    ... okay on input line 94.
LaTeX Font Info:    Checking defaults for U/cmr/m/n on input line 94.
LaTeX Font Info:    ... okay on input line 94.
LaTeX Font Info:    Checking defaults for PD1/pdf/m/n on input line 94.
LaTeX Font Info:    ... okay on input line 94.
LaTeX Font Info:    Checking defaults for PU/pdf/m/n on input line 94.
LaTeX Font Info:    ... okay on input line 94.
LaTeX Font Info:    Checking defaults for T3/cmr/m/n on input line 94.
LaTeX Font Info:    Try loading font information for T3+cmr on input line 94.
 (c:/texlive/2019/texmf-dist/tex/latex/tipa/t3cmr.fd
File: t3cmr.fd 2001/12/31 TIPA font definitions
)
LaTeX Font Info:    ... okay on input line 94.
LaTeX Font Info:    Checking defaults for TS1/cmr/m/n on input line 94.
LaTeX Font Info:    ... okay on input line 94.

Package fontspec Info: Adjusting the maths setup (use [no-math] to avoid
(fontspec)             this).

\symlegacymaths=\mathgroup4
LaTeX Font Info:    Overwriting symbol font `legacymaths' in version `bold'
(Font)                  OT1/cmr/m/n --> OT1/cmr/bx/n on input line 94.
LaTeX Font Info:    Redeclaring math accent \acute on input line 94.
LaTeX Font Info:    Redeclaring math accent \grave on input line 94.
LaTeX Font Info:    Redeclaring math accent \ddot on input line 94.
LaTeX Font Info:    Redeclaring math accent \tilde on input line 94.
LaTeX Font Info:    Redeclaring math accent \bar on input line 94.
LaTeX Font Info:    Redeclaring math accent \breve on input line 94.
LaTeX Font Info:    Redeclaring math accent \check on input line 94.
LaTeX Font Info:    Redeclaring math accent \hat on input line 94.
LaTeX Font Info:    Redeclaring math accent \dot on input line 94.
LaTeX Font Info:    Redeclaring math accent \mathring on input line 94.
LaTeX Font Info:    Redeclaring math symbol \Gamma on input line 94.
LaTeX Font Info:    Redeclaring math symbol \Delta on input line 94.
LaTeX Font Info:    Redeclaring math symbol \Theta on input line 94.
LaTeX Font Info:    Redeclaring math symbol \Lambda on input line 94.
LaTeX Font Info:    Redeclaring math symbol \Xi on input line 94.
LaTeX Font Info:    Redeclaring math symbol \Pi on input line 94.
LaTeX Font Info:    Redeclaring math symbol \Sigma on input line 94.
LaTeX Font Info:    Redeclaring math symbol \Upsilon on input line 94.
LaTeX Font Info:    Redeclaring math symbol \Phi on input line 94.
LaTeX Font Info:    Redeclaring math symbol \Psi on input line 94.
LaTeX Font Info:    Redeclaring math symbol \Omega on input line 94.
LaTeX Font Info:    Redeclaring math symbol \mathdollar on input line 94.
LaTeX Font Info:    Redeclaring symbol font `operators' on input line 94.
LaTeX Font Info:    Encoding `OT1' has changed to `TU' for symbol font
(Font)              `operators' in the math version `normal' on input line 94.
LaTeX Font Info:    Overwriting symbol font `operators' in version `normal'
(Font)                  OT1/cmr/m/n --> TU/MicrosoftYaHei(0)/m/n on input line 
94.
LaTeX Font Info:    Encoding `OT1' has changed to `TU' for symbol font
(Font)              `operators' in the math version `bold' on input line 94.
LaTeX Font Info:    Overwriting symbol font `operators' in version `bold'
(Font)                  OT1/cmr/bx/n --> TU/MicrosoftYaHei(0)/m/n on input line
 94.
LaTeX Font Info:    Overwriting symbol font `operators' in version `normal'
(Font)                  TU/MicrosoftYaHei(0)/m/n --> TU/MicrosoftYaHei(0)/m/n o
n input line 94.
LaTeX Font Info:    Overwriting math alphabet `\mathit' in version `normal'
(Font)                  OT1/cmr/m/it --> TU/MicrosoftYaHei(0)/m/it on input lin
e 94.
LaTeX Font Info:    Overwriting math alphabet `\mathbf' in version `normal'
(Font)                  OT1/cmr/bx/n --> TU/MicrosoftYaHei(0)/bx/n on input lin
e 94.
LaTeX Font Info:    Overwriting math alphabet `\mathsf' in version `normal'
(Font)                  OT1/cmss/m/n --> TU/Consolas(0)/m/n on input line 94.
LaTeX Font Info:    Overwriting math alphabet `\mathtt' in version `normal'
(Font)                  OT1/cmtt/m/n --> TU/Consolas(1)/m/n on input line 94.
LaTeX Font Info:    Overwriting symbol font `operators' in version `bold'
(Font)                  TU/MicrosoftYaHei(0)/m/n --> TU/MicrosoftYaHei(0)/bx/n 
on input line 94.
LaTeX Font Info:    Overwriting math alphabet `\mathit' in version `bold'
(Font)                  OT1/cmr/bx/it --> TU/MicrosoftYaHei(0)/bx/it on input l
ine 94.
LaTeX Font Info:    Overwriting math alphabet `\mathsf' in version `bold'
(Font)                  OT1/cmss/bx/n --> TU/Consolas(0)/bx/n on input line 94.

LaTeX Font Info:    Overwriting math alphabet `\mathtt' in version `bold'
(Font)                  OT1/cmtt/m/n --> TU/Consolas(1)/bx/n on input line 94.
\c@lstlisting=\count320

*geometry* driver: auto-detecting
*geometry* detected driver: xetex
*geometry* verbose mode - [ preamble ] result:
* driver: xetex
* paper: a4paper
* layout: <same size as paper>
* layoutoffset:(h,v)=(0.0pt,0.0pt)
* modes: twoside 
* h-part:(L,W,R)=(51.21504pt, 517.84009pt, 28.45274pt)
* v-part:(T,H,B)=(42.67912pt, 788.14136pt, 14.22636pt)
* \paperwidth=597.50787pt
* \paperheight=845.04684pt
* \textwidth=517.84009pt
* \textheight=788.14136pt
* \oddsidemargin=-21.05495pt
* \evensidemargin=-43.81725pt
* \topmargin=-66.59087pt
* \headheight=12.0pt
* \headsep=25.0pt
* \topskip=10.0pt
* \footskip=30.0pt
* \marginparwidth=111.0pt
* \marginparsep=11.0pt
* \columnsep=10.0pt
* \skip\footins=9.0pt plus 4.0pt minus 2.0pt
* \hoffset=0.0pt
* \voffset=0.0pt
* \mag=1000
* \@twocolumnfalse
* \@twosidetrue
* \@mparswitchtrue
* \@reversemarginfalse
* (1in=72.27pt=25.4mm, 1cm=28.453pt)

\AtBeginShipoutBox=\box70
Package hyperref Info: Link coloring ON on input line 94.
(c:/texlive/2019/texmf-dist/tex/latex/hyperref/nameref.sty
Package: nameref 2016/05/21 v2.44 Cross-referencing by name of section

(c:/texlive/2019/texmf-dist/tex/generic/oberdiek/gettitlestring.sty
Package: gettitlestring 2016/05/16 v1.5 Cleanup title references (HO)
)
\c@section@level=\count321
)
LaTeX Info: Redefining \ref on input line 94.
LaTeX Info: Redefining \pageref on input line 94.
LaTeX Info: Redefining \nameref on input line 94.

(./ZJPC2.out) (./ZJPC2.out)
\@outlinefile=\write6
\openout6 = `ZJPC2.out'.

 ABD: EverySelectfont initializing macros
LaTeX Info: Redefining \selectfont on input line 94.

(./ZJPC2.toc [1

] [2]
Overfull \hbox (1.89053pt too wide) detected at line 113
 []\TU/MicrosoftYaHei(0)/m/n/9.03374 102
 []


Overfull \hbox (1.89053pt too wide) detected at line 114
 []\TU/MicrosoftYaHei(0)/m/n/9.03374 102
 []


Overfull \hbox (1.89053pt too wide) detected at line 115
 []\TU/MicrosoftYaHei(0)/m/n/9.03374 103
 []


Overfull \hbox (1.89053pt too wide) detected at line 116
 []\TU/MicrosoftYaHei(0)/m/n/9.03374 106
 []


Overfull \hbox (1.89053pt too wide) detected at line 117
 []\TU/MicrosoftYaHei(0)/m/n/9.03374 106
 []


Overfull \hbox (1.89053pt too wide) detected at line 118
 []\TU/MicrosoftYaHei(0)/m/n/9.03374 108
 []


Overfull \hbox (1.89053pt too wide) detected at line 119
 []\TU/MicrosoftYaHei(0)/m/n/9.03374 110
 []


Overfull \hbox (1.89053pt too wide) detected at line 120
 []\TU/MicrosoftYaHei(0)/m/n/9.03374 111
 []


Overfull \hbox (1.89053pt too wide) detected at line 121
 []\TU/MicrosoftYaHei(0)/m/n/9.03374 112
 []


Overfull \hbox (1.89053pt too wide) detected at line 122
 []\TU/MicrosoftYaHei(0)/m/n/9.03374 115
 []


Overfull \hbox (1.89053pt too wide) detected at line 123
 []\TU/MicrosoftYaHei(0)/m/n/9.03374 115
 []


Overfull \hbox (1.89053pt too wide) detected at line 124
 []\TU/MicrosoftYaHei(0)/m/n/9.03374 116
 []


Overfull \hbox (1.89053pt too wide) detected at line 125
 []\TU/MicrosoftYaHei(0)/m/n/9.03374 117
 []


Overfull \hbox (1.89053pt too wide) detected at line 126
 []\TU/MicrosoftYaHei(0)/m/n/9.03374 118
 []


Overfull \hbox (1.89053pt too wide) detected at line 127
 []\TU/MicrosoftYaHei(0)/m/n/9.03374 119
 []


Overfull \hbox (1.89053pt too wide) detected at line 128
 []\TU/MicrosoftYaHei(0)/m/n/9.03374 119
 []


Overfull \hbox (1.89053pt too wide) detected at line 129
 []\TU/MicrosoftYaHei(0)/m/n/9.03374 121
 []


Overfull \hbox (1.89053pt too wide) detected at line 130
 []\TU/MicrosoftYaHei(0)/m/n/9.03374 123
 []


Overfull \hbox (1.89053pt too wide) detected at line 131
 []\TU/MicrosoftYaHei(0)/m/n/9.03374 123
 []


Overfull \hbox (1.89053pt too wide) detected at line 132
 []\TU/MicrosoftYaHei(0)/m/n/9.03374 125
 []


Overfull \hbox (1.89053pt too wide) detected at line 133
 []\TU/MicrosoftYaHei(0)/m/n/9.03374 128
 []


Overfull \hbox (1.89053pt too wide) detected at line 134
 []\TU/MicrosoftYaHei(0)/m/n/9.03374 128
 []


Overfull \hbox (1.89053pt too wide) detected at line 135
 []\TU/MicrosoftYaHei(0)/m/n/9.03374 130
 []


Overfull \hbox (1.89053pt too wide) detected at line 136
 []\TU/MicrosoftYaHei(0)/m/n/9.03374 132
 []


Overfull \hbox (1.89053pt too wide) detected at line 137
 []\TU/MicrosoftYaHei(0)/m/n/9.03374 132
 []


Overfull \hbox (1.89053pt too wide) detected at line 138
 []\TU/MicrosoftYaHei(0)/m/n/9.03374 132
 []


Overfull \hbox (1.89053pt too wide) detected at line 139
 []\TU/MicrosoftYaHei(0)/m/n/9.03374 132
 []


Overfull \hbox (1.89053pt too wide) detected at line 140
 []\TU/MicrosoftYaHei(0)/m/n/9.03374 134
 []


Overfull \hbox (1.89053pt too wide) detected at line 141
 []\TU/MicrosoftYaHei(0)/m/n/9.03374 135
 []


Overfull \hbox (1.89053pt too wide) detected at line 142
 []\TU/MicrosoftYaHei(0)/m/n/9.03374 137
 []


Overfull \hbox (1.89053pt too wide) detected at line 143
 []\TU/MicrosoftYaHei(0)/m/n/9.03374 139
 []


Overfull \hbox (1.89053pt too wide) detected at line 144
 []\TU/MicrosoftYaHei(0)/m/n/9.03374 139
 []


Overfull \hbox (1.89053pt too wide) detected at line 145
 []\TU/MicrosoftYaHei(0)/m/n/9.03374 140
 []


Overfull \hbox (1.89053pt too wide) detected at line 146
 []\TU/MicrosoftYaHei(0)/m/n/9.03374 142
 []


Overfull \hbox (1.89053pt too wide) detected at line 147
 []\TU/MicrosoftYaHei(0)/m/n/9.03374 145
 []


Overfull \hbox (1.89053pt too wide) detected at line 148
 []\TU/MicrosoftYaHei(0)/m/n/9.03374 145
 []


Overfull \hbox (1.89053pt too wide) detected at line 149
 []\TU/MicrosoftYaHei(0)/m/n/9.03374 147
 []


Overfull \hbox (1.89053pt too wide) detected at line 150
 []\TU/MicrosoftYaHei(0)/m/n/9.03374 147
 []


Overfull \hbox (1.89053pt too wide) detected at line 151
 []\TU/MicrosoftYaHei(0)/m/n/9.03374 147
 []


Overfull \hbox (1.89053pt too wide) detected at line 152
 []\TU/MicrosoftYaHei(0)/m/n/9.03374 149
 []


Overfull \hbox (1.89053pt too wide) detected at line 153
 []\TU/MicrosoftYaHei(0)/m/n/9.03374 149
 []


Overfull \hbox (1.89053pt too wide) detected at line 154
 []\TU/MicrosoftYaHei(0)/m/n/9.03374 150
 []


Overfull \hbox (1.89053pt too wide) detected at line 156
 []\TU/MicrosoftYaHei(0)/m/n/9.03374 152
 []


Overfull \hbox (1.89053pt too wide) detected at line 157
 []\TU/MicrosoftYaHei(0)/m/n/9.03374 153
 []


Overfull \hbox (1.89053pt too wide) detected at line 158
 []\TU/MicrosoftYaHei(0)/m/n/9.03374 154
 []


Overfull \hbox (1.89053pt too wide) detected at line 159
 []\TU/MicrosoftYaHei(0)/m/n/9.03374 156
 []


Overfull \hbox (1.89053pt too wide) detected at line 160
 []\TU/MicrosoftYaHei(0)/m/n/9.03374 157
 []


Overfull \hbox (1.89053pt too wide) detected at line 161
 []\TU/MicrosoftYaHei(0)/m/n/9.03374 158
 []


Overfull \hbox (1.89053pt too wide) detected at line 162
 []\TU/MicrosoftYaHei(0)/m/n/9.03374 158
 []

[3]
Overfull \hbox (1.89053pt too wide) detected at line 163
 []\TU/MicrosoftYaHei(0)/m/n/9.03374 159
 []


Overfull \hbox (1.89053pt too wide) detected at line 164
 []\TU/MicrosoftYaHei(0)/m/n/9.03374 161
 []


Overfull \hbox (1.89053pt too wide) detected at line 165
 []\TU/MicrosoftYaHei(0)/m/n/9.03374 162
 []


Overfull \hbox (1.89053pt too wide) detected at line 166
 []\TU/MicrosoftYaHei(0)/m/n/9.03374 163
 []


Overfull \hbox (1.89053pt too wide) detected at line 167
 []\TU/MicrosoftYaHei(0)/m/n/9.03374 164
 []


Overfull \hbox (1.89053pt too wide) detected at line 169
 []\TU/MicrosoftYaHei(0)/m/n/9.03374 166
 []


Overfull \hbox (1.89053pt too wide) detected at line 170
 []\TU/MicrosoftYaHei(0)/m/n/9.03374 166
 []


Overfull \hbox (1.89053pt too wide) detected at line 171
 []\TU/MicrosoftYaHei(0)/m/n/9.03374 166
 []


Overfull \hbox (1.89053pt too wide) detected at line 172
 []\TU/MicrosoftYaHei(0)/m/n/9.03374 168
 []


Overfull \hbox (1.89053pt too wide) detected at line 173
 []\TU/MicrosoftYaHei(0)/m/n/9.03374 168
 []


Overfull \hbox (1.89053pt too wide) detected at line 174
 []\TU/MicrosoftYaHei(0)/m/n/9.03374 169
 []


Overfull \hbox (1.89053pt too wide) detected at line 175
 []\TU/MicrosoftYaHei(0)/m/n/9.03374 170
 []


Overfull \hbox (1.89053pt too wide) detected at line 176
 []\TU/MicrosoftYaHei(0)/m/n/9.03374 171
 []


Overfull \hbox (1.89053pt too wide) detected at line 177
 []\TU/MicrosoftYaHei(0)/m/n/9.03374 171
 []


Overfull \hbox (1.89053pt too wide) detected at line 178
 []\TU/MicrosoftYaHei(0)/m/n/9.03374 171
 []


Overfull \hbox (1.89053pt too wide) detected at line 179
 []\TU/MicrosoftYaHei(0)/m/n/9.03374 172
 []


Overfull \hbox (1.89053pt too wide) detected at line 181
 []\TU/MicrosoftYaHei(0)/m/n/9.03374 172
 []


Overfull \hbox (1.89053pt too wide) detected at line 182
 []\TU/MicrosoftYaHei(0)/m/n/9.03374 173
 []


Overfull \hbox (1.89053pt too wide) detected at line 183
 []\TU/MicrosoftYaHei(0)/m/n/9.03374 174
 []


Overfull \hbox (1.89053pt too wide) detected at line 185
 []\TU/MicrosoftYaHei(0)/m/n/9.03374 175
 []


Overfull \hbox (1.89053pt too wide) detected at line 186
 []\TU/MicrosoftYaHei(0)/m/n/9.03374 175
 []


Overfull \hbox (1.89053pt too wide) detected at line 187
 []\TU/MicrosoftYaHei(0)/m/n/9.03374 176
 []


Overfull \hbox (1.89053pt too wide) detected at line 188
 []\TU/MicrosoftYaHei(0)/m/n/9.03374 177
 []


Overfull \hbox (1.89053pt too wide) detected at line 190
 []\TU/MicrosoftYaHei(0)/m/n/9.03374 177
 []


Overfull \hbox (1.89053pt too wide) detected at line 191
 []\TU/MicrosoftYaHei(0)/m/n/9.03374 179
 []


Overfull \hbox (1.89053pt too wide) detected at line 192
 []\TU/MicrosoftYaHei(0)/m/n/9.03374 179
 []


Overfull \hbox (1.89053pt too wide) detected at line 193
 []\TU/MicrosoftYaHei(0)/m/n/9.03374 180
 []


Overfull \hbox (1.89053pt too wide) detected at line 194
 []\TU/MicrosoftYaHei(0)/m/n/9.03374 180
 []


Overfull \hbox (1.89053pt too wide) detected at line 196
 []\TU/MicrosoftYaHei(0)/m/n/9.03374 181
 []


Overfull \hbox (1.89053pt too wide) detected at line 198
 []\TU/MicrosoftYaHei(0)/m/n/9.03374 183
 []


Overfull \hbox (1.89053pt too wide) detected at line 199
 []\TU/MicrosoftYaHei(0)/m/n/9.03374 185
 []


Overfull \hbox (1.89053pt too wide) detected at line 200
 []\TU/MicrosoftYaHei(0)/m/n/9.03374 186
 []


Overfull \hbox (1.89053pt too wide) detected at line 201
 []\TU/MicrosoftYaHei(0)/m/n/9.03374 188
 []


Overfull \hbox (1.89053pt too wide) detected at line 202
 []\TU/MicrosoftYaHei(0)/m/n/9.03374 189
 []


Overfull \hbox (1.89053pt too wide) detected at line 203
 []\TU/MicrosoftYaHei(0)/m/n/9.03374 190
 []


Overfull \hbox (1.89053pt too wide) detected at line 204
 []\TU/MicrosoftYaHei(0)/m/n/9.03374 192
 []


Overfull \hbox (1.89053pt too wide) detected at line 205
 []\TU/MicrosoftYaHei(0)/m/n/9.03374 193
 []


Overfull \hbox (1.89053pt too wide) detected at line 206
 []\TU/MicrosoftYaHei(0)/m/n/9.03374 196
 []


Overfull \hbox (2.58748pt too wide) detected at line 207
\TU/MicrosoftYaHei(0)/m/n/9.03374 12.10 
 []


Overfull \hbox (1.89053pt too wide) detected at line 207
 []\TU/MicrosoftYaHei(0)/m/n/9.03374 197
 []


Overfull \hbox (2.58748pt too wide) detected at line 208
\TU/MicrosoftYaHei(0)/m/n/9.03374 12.11 
 []


Overfull \hbox (1.89053pt too wide) detected at line 208
 []\TU/MicrosoftYaHei(0)/m/n/9.03374 200
 []


Overfull \hbox (2.58748pt too wide) detected at line 209
\TU/MicrosoftYaHei(0)/m/n/9.03374 12.12 
 []


Overfull \hbox (1.89053pt too wide) detected at line 209
 []\TU/MicrosoftYaHei(0)/m/n/9.03374 203
 []


Overfull \hbox (2.58748pt too wide) detected at line 210
\TU/MicrosoftYaHei(0)/m/n/9.03374 12.13 
 []


Overfull \hbox (1.89053pt too wide) detected at line 210
 []\TU/MicrosoftYaHei(0)/m/n/9.03374 204
 []


Overfull \hbox (2.58748pt too wide) detected at line 211
\TU/MicrosoftYaHei(0)/m/n/9.03374 12.14 
 []


Overfull \hbox (1.89053pt too wide) detected at line 211
 []\TU/MicrosoftYaHei(0)/m/n/9.03374 205
 []


Overfull \hbox (2.58748pt too wide) detected at line 212
\TU/MicrosoftYaHei(0)/m/n/9.03374 12.15 
 []


Overfull \hbox (1.89053pt too wide) detected at line 212
 []\TU/MicrosoftYaHei(0)/m/n/9.03374 207
 []


Overfull \hbox (2.58748pt too wide) detected at line 213
\TU/MicrosoftYaHei(0)/m/n/9.03374 12.16 
 []


Overfull \hbox (1.89053pt too wide) detected at line 213
 []\TU/MicrosoftYaHei(0)/m/n/9.03374 209
 []


Overfull \hbox (2.58748pt too wide) detected at line 214
\TU/MicrosoftYaHei(0)/m/n/9.03374 12.17 
 []


Overfull \hbox (1.89053pt too wide) detected at line 214
 []\TU/MicrosoftYaHei(0)/m/n/9.03374 211
 []

[4]
Overfull \hbox (2.58748pt too wide) detected at line 215
\TU/MicrosoftYaHei(0)/m/n/9.03374 12.18 
 []


Overfull \hbox (1.89053pt too wide) detected at line 215
 []\TU/MicrosoftYaHei(0)/m/n/9.03374 214
 []


Overfull \hbox (2.58748pt too wide) detected at line 216
\TU/MicrosoftYaHei(0)/m/n/9.03374 12.19 
 []


Overfull \hbox (1.89053pt too wide) detected at line 216
 []\TU/MicrosoftYaHei(0)/m/n/9.03374 216
 []


Overfull \hbox (2.58748pt too wide) detected at line 217
\TU/MicrosoftYaHei(0)/m/n/9.03374 12.20 
 []


Overfull \hbox (1.89053pt too wide) detected at line 217
 []\TU/MicrosoftYaHei(0)/m/n/9.03374 219
 []


Overfull \hbox (2.58748pt too wide) detected at line 218
\TU/MicrosoftYaHei(0)/m/n/9.03374 12.21 
 []


Overfull \hbox (1.89053pt too wide) detected at line 218
 []\TU/MicrosoftYaHei(0)/m/n/9.03374 223
 []


Overfull \hbox (2.58748pt too wide) detected at line 219
\TU/MicrosoftYaHei(0)/m/n/9.03374 12.22 
 []


Overfull \hbox (1.89053pt too wide) detected at line 219
 []\TU/MicrosoftYaHei(0)/m/n/9.03374 225
 []


Overfull \hbox (2.58748pt too wide) detected at line 220
\TU/MicrosoftYaHei(0)/m/n/9.03374 12.23 
 []


Overfull \hbox (1.89053pt too wide) detected at line 220
 []\TU/MicrosoftYaHei(0)/m/n/9.03374 226
 []


Overfull \hbox (2.58748pt too wide) detected at line 221
\TU/MicrosoftYaHei(0)/m/n/9.03374 12.24 
 []


Overfull \hbox (1.89053pt too wide) detected at line 221
 []\TU/MicrosoftYaHei(0)/m/n/9.03374 229
 []


Overfull \hbox (2.58748pt too wide) detected at line 222
\TU/MicrosoftYaHei(0)/m/n/9.03374 12.25 
 []


Overfull \hbox (1.89053pt too wide) detected at line 222
 []\TU/MicrosoftYaHei(0)/m/n/9.03374 231
 []


Overfull \hbox (2.58748pt too wide) detected at line 223
\TU/MicrosoftYaHei(0)/m/n/9.03374 12.26 
 []


Overfull \hbox (1.89053pt too wide) detected at line 223
 []\TU/MicrosoftYaHei(0)/m/n/9.03374 232
 []


Overfull \hbox (1.89053pt too wide) detected at line 225
 []\TU/MicrosoftYaHei(0)/m/n/9.03374 234
 []


Overfull \hbox (1.89053pt too wide) detected at line 226
 []\TU/MicrosoftYaHei(0)/m/n/9.03374 242
 []

)
\tf@toc=\write7
\openout7 = `ZJPC2.toc'.

 [5] (.//fread.cpp) (.//.cpp

Package xeCJK Warning: Unknown CJK family `hei' is being ignored.
(xeCJK)                
(xeCJK)                Try to use `\setCJKfamilyfont{hei}[...]{...}' to define
(xeCJK)                it.

[1

]
Underfull \vbox (badness 10000) has occurred while \output is active []

 [2])
(.//__int128.cpp) (.///.cpp [3]) (.//.cpp [4])
(.//.cpp [5]) (.//.cpp) (.//bitset.cpp [6])
(.//.cpp) (.//.cpp) (.//.cpp [7])
(./STL/unordered_mappii.cpp [8]) (./STL/pb_ds.cpp [9])
(./STL/rope.cpp [10]) (./yx/.cpp [11]) (./yx/.cpp)
Underfull \vbox (badness 10000) has occurred while \output is active []

 [12]
(.//1582.cpp) (./yx/FFT.cpp [13]) (./yx/.cpp [14])
(./yx/NTT.cpp) (./yx/NTT.cpp [15]) (./yx/.cpp [16])
(./yx/_.cpp [17]) (./yx/.cpp [18]) (./yx/.cpp
[19]) (./yx/.cpp [20])

LaTeX Font Warning: Font shape `OMX/cmex/m/n' in size <10.53937> not available
(Font)              size <10.95> substituted on input line 196.


Package hyperref Warning: Token not allowed in a PDF string (Unicode):
(hyperref)                removing `math shift' on input line 196.


Package hyperref Warning: Token not allowed in a PDF string (Unicode):
(hyperref)                removing `\mathop' on input line 196.


Package hyperref Warning: Token not allowed in a PDF string (Unicode):
(hyperref)                removing `\mathgroup' on input line 196.


Package hyperref Warning: Token not allowed in a PDF string (Unicode):
(hyperref)                removing `\symoperators' on input line 196.


Package hyperref Warning: Token not allowed in a PDF string (Unicode):
(hyperref)                removing `\@ifnextchar' on input line 196.


Package hyperref Warning: Token not allowed in a PDF string (Unicode):
(hyperref)                removing `math shift' on input line 196.

(./yx/_.cpp [21])

Package hyperref Warning: Token not allowed in a PDF string (Unicode):
(hyperref)                removing `math shift' on input line 198.


Package hyperref Warning: Token not allowed in a PDF string (Unicode):
(hyperref)                removing `\mathop' on input line 198.


Package hyperref Warning: Token not allowed in a PDF string (Unicode):
(hyperref)                removing `\mathgroup' on input line 198.


Package hyperref Warning: Token not allowed in a PDF string (Unicode):
(hyperref)                removing `\symoperators' on input line 198.


Package hyperref Warning: Token not allowed in a PDF string (Unicode):
(hyperref)                removing `\@ifnextchar' on input line 198.


Package hyperref Warning: Token not allowed in a PDF string (Unicode):
(hyperref)                removing `superscript' on input line 198.


Package hyperref Warning: Token not allowed in a PDF string (Unicode):
(hyperref)                removing `math shift' on input line 198.

(./yx/_.cpp [22]
Underfull \vbox (badness 10000) has occurred while \output is active []

 [23])
(./yx/_.cpp [24]) (./yx/VINTT.cpp [25]
Underfull \vbox (badness 10000) has occurred while \output is active []

 [26]
Underfull \vbox (badness 10000) has occurred while \output is active []

 [27]
Underfull \vbox (badness 10000) has occurred while \output is active []

 [28]
Underfull \vbox (badness 10000) has occurred while \output is active []

 [29])
(./yx/FWT.cpp [30]) (.//Hash/Hash.cpp) (.//Hash/Hash.cpp [31])
(.//Next/next.cpp [32]) (.//Next/HDU1358.cpp)
(.//Next/POJ2752.cpp [33])
(.//Next/HDU3336.cpp) [34]
(.//Next/POJ2406.cpp)
(.//Next/HDU2594.cpp)
(.//Next/HDU3746.cpp [35]) (.//Next/.cpp)
(.//KMP/border.cpp [36])
(.//KMP/KMP[HNOI2008]GT.cpp [37]) (.//EXKMP/zLCP.cpp)
[38] (.//EXKMP/HDU4333.cpp)

Package hyperref Warning: Token not allowed in a PDF string (Unicode):
(hyperref)                removing `math shift' on input line 277.


Package hyperref Warning: Token not allowed in a PDF string (Unicode):
(hyperref)                removing `math shift' on input line 277.

(.//EXKMP/.cpp [39]
Underfull \vbox (badness 10000) has occurred while \output is active []

 [40])
(.//AC.cpp [41]) (.//AC[POI2000].cpp [42]
Underfull \vbox (badness 10000) has occurred while \output is active []

 [43])
(.//AC_.cpp [44]) [45] (.//.cpp
Underfull \vbox (badness 10000) has occurred while \output is active []

 [46]
Underfull \vbox (badness 10000) has occurred while \output is active []

 [47])
(.//Trie.cpp) (.///get_SA.cpp [48]
Underfull \vbox (badness 10000) has occurred while \output is active []

 [49])
(.///+STlcp.cpp [50]) (.////(arc050_d).cpp
[51]) (.////SPOJ_REPEATS).cpp [52])
(.//SAM/SAM.cpp [53]
Underfull \vbox (badness 10000) has occurred while \output is active []

 [54])
(.//SAM/SPOJ8093.cpp [55]
Underfull \vbox (badness 10000) has occurred while \output is active []

 [56])
(.//SAM/k&[TJOI2015].cpp [57]
Underfull \vbox (badness 10000) has occurred while \output is active []

 [58])
(.//SAM/.cpp [59])
(.//SAM/kHDU4641.cpp [60]) (.//.cpp
[61]) (.///PAM.cpp [62]) (.///PAM.cpp [63]
Underfull \vbox (badness 10000) has occurred while \output is active []

 [64])
(.///PAM.cpp [65]
Underfull \vbox (badness 10000) has occurred while \output is active []

 [66])
(.//.cpp [67]) (.//.cpp [68]) (.//Lyndon.cpp)
(.//runs.cpp [69]
Underfull \vbox (badness 10000) has occurred while \output is active []

 [70])
(.//ST.cpp [71]) (.///lowbit.cpp) (.///&.cpp
[72]) (.///.cpp [73]) (.///+.cpp
[74]) (.///+.cpp) (.///+.cpp [75])
(.////&.cpp [76]) (.////&.cpp [77])
(.////.cpp [78]) (.////&_ver.cpp [79]
Underfull \vbox (badness 10000) has occurred while \output is active []

 [80])
(.////(CF1418G).cpp [81]
Underfull \vbox (badness 10000) has occurred while \output is active []

 [82])
(.////.cpp [83]
Underfull \vbox (badness 10000) has occurred while \output is active []

 [84])
(.////.cpp [85]) (.////k.cpp
[86]
Underfull \vbox (badness 10000) has occurred while \output is active []

 [87]
Underfull \vbox (badness 10000) has occurred while \output is active []

 [88])
(.////.cpp [89]
Underfull \vbox (badness 10000) has occurred while \output is active []

 [90])
(.///+.cpp [91])
Underfull \vbox (badness 10000) has occurred while \output is active []

 [92]
(.///ZKW/.cpp) (.///ZKW/+.cpp)
(.///ZKW/+.cpp [93]) (.///ZKW/+.cpp)
(.///ZKW/+(lazy).cpp)

Package hyperref Warning: Token not allowed in a PDF string (Unicode):
(hyperref)                removing `math shift' on input line 475.


Package hyperref Warning: Token not allowed in a PDF string (Unicode):
(hyperref)                removing `math shift' on input line 475.


Package hyperref Warning: Token not allowed in a PDF string (Unicode):
(hyperref)                removing `math shift' on input line 475.


Package hyperref Warning: Token not allowed in a PDF string (Unicode):
(hyperref)                removing `\mathop' on input line 475.


Package hyperref Warning: Token not allowed in a PDF string (Unicode):
(hyperref)                removing `\mathgroup' on input line 475.


Package hyperref Warning: Token not allowed in a PDF string (Unicode):
(hyperref)                removing `\symoperators' on input line 475.


Package hyperref Warning: Token not allowed in a PDF string (Unicode):
(hyperref)                removing `\@ifnextchar' on input line 475.


Package hyperref Warning: Token not allowed in a PDF string (Unicode):
(hyperref)                removing `math shift' on input line 475.

[94] (.//JLS/min.cpp
Underfull \vbox (badness 3579) has occurred while \output is active []

 [95])

Package hyperref Warning: Token not allowed in a PDF string (Unicode):
(hyperref)                removing `math shift' on input line 478.


Package hyperref Warning: Token not allowed in a PDF string (Unicode):
(hyperref)                removing `\mathop' on input line 478.


Package hyperref Warning: Token not allowed in a PDF string (Unicode):
(hyperref)                removing `\mathgroup' on input line 478.


Package hyperref Warning: Token not allowed in a PDF string (Unicode):
(hyperref)                removing `\symoperators' on input line 478.


Package hyperref Warning: Token not allowed in a PDF string (Unicode):
(hyperref)                removing `\@ifnextchar' on input line 478.


Package hyperref Warning: Token not allowed in a PDF string (Unicode):
(hyperref)                removing `superscript' on input line 478.


Package hyperref Warning: Token not allowed in a PDF string (Unicode):
(hyperref)                removing `math shift' on input line 478.

(.//JLS/.cpp [96]
Underfull \vbox (badness 10000) has occurred while \output is active []

 [97]
Underfull \vbox (badness 10000) has occurred while \output is active []

 [98])

Package hyperref Warning: Token not allowed in a PDF string (Unicode):
(hyperref)                removing `math shift' on input line 481.


Package hyperref Warning: Token not allowed in a PDF string (Unicode):
(hyperref)                removing `math shift' on input line 481.


Package hyperref Warning: Token not allowed in a PDF string (Unicode):
(hyperref)                removing `math shift' on input line 481.


Package hyperref Warning: Token not allowed in a PDF string (Unicode):
(hyperref)                removing `\mathop' on input line 481.


Package hyperref Warning: Token not allowed in a PDF string (Unicode):
(hyperref)                removing `\mathgroup' on input line 481.


Package hyperref Warning: Token not allowed in a PDF string (Unicode):
(hyperref)                removing `\symoperators' on input line 481.


Package hyperref Warning: Token not allowed in a PDF string (Unicode):
(hyperref)                removing `\@ifnextchar' on input line 481.


Package hyperref Warning: Token not allowed in a PDF string (Unicode):
(hyperref)                removing `superscript' on input line 481.


Package hyperref Warning: Token not allowed in a PDF string (Unicode):
(hyperref)                removing `math shift' on input line 481.

(.//JLS/.cpp [99]
Underfull \vbox (badness 10000) has occurred while \output is active []

 [100]
Underfull \vbox (badness 10000) has occurred while \output is active []

 [101])
(.///[HEOI2013]Segment.cpp [102])

Package hyperref Warning: Token not allowed in a PDF string (Unicode):
(hyperref)                removing `math shift' on input line 495.


Package hyperref Warning: Token not allowed in a PDF string (Unicode):
(hyperref)                removing `\mathop' on input line 495.


Package hyperref Warning: Token not allowed in a PDF string (Unicode):
(hyperref)                removing `\mathgroup' on input line 495.


Package hyperref Warning: Token not allowed in a PDF string (Unicode):
(hyperref)                removing `\symoperators' on input line 495.


Package hyperref Warning: Token not allowed in a PDF string (Unicode):
(hyperref)                removing `\@ifnextchar' on input line 495.


Package hyperref Warning: Token not allowed in a PDF string (Unicode):
(hyperref)                removing `superscript' on input line 495.


Package hyperref Warning: Token not allowed in a PDF string (Unicode):
(hyperref)                removing `math shift' on input line 495.

(.///.cpp [103]
Underfull \vbox (badness 10000) has occurred while \output is active []

 [104]
Underfull \vbox (badness 10000) has occurred while \output is active []

 [105])
(.///.cpp [106]
Underfull \vbox (badness 10000) has occurred while \output is active []

 [107])
(.///.cpp
Overfull \hbox (49.60901pt too wide) in paragraph at lines 10--11
[][][][][][][][][][][][][][][][][][][][][][][][][][][][][][][][][][][][][][][][
][][][][][][][][][][][][][][][][][][][][][][][][][][][][][][][][][][][][][][][]
[][][][][][][][][][][][][][][][][][][][][][][][][][][][][][][][][][][][][][][][
][][][][][][][][][][][][][][][][][][]  
 []

[108])
Underfull \vbox (badness 10000) has occurred while \output is active []

 [109]
(.///POJ-2482.cpp [110])
File: //pic.jpg Graphic file (type bmp)
<//pic.jpg>
 [111] (.///.cpp)
(.///.cpp [112]
Underfull \vbox (badness 10000) has occurred while \output is active []

 [113]
Underfull \vbox (badness 10000) has occurred while \output is active []

 [114])
(.///K.cpp [115]) (.///.cpp [116])
(.///K.cpp [117]) (.///MEX.cpp [118])
(.//Treap/Treap.cpp [119]
Underfull \vbox (badness 10000) has occurred while \output is active []

 [120])
(.//Treap/+HDU3726.cpp [121]
Underfull \vbox (badness 10000) has occurred while \output is active []

 [122])
(.//Treap/fhq_treap.cpp [123]
Underfull \vbox (badness 10000) has occurred while \output is active []

 [124])
(.//Treap/FHQ.cpp [125]
Underfull \vbox (badness 10000) has occurred while \output is active []

 [126]
Underfull \vbox (badness 10000) has occurred while \output is active []

 [127])
(.///.cpp [128]
Underfull \vbox (badness 10000) has occurred while \output is active []

 [129])
(.///K[ZJOI2013]K.cpp [130]
Underfull \vbox (badness 10000) has occurred while \output is active []

 [131])
(.///.cpp) (.//LCT/lct.cpp [132]
Underfull \vbox (badness 10000) has occurred while \output is active []

 [133])
(.//LCT/[SDOI2011].cpp [134])
(.//LCT/SAM++LCT.cpp [135]
Underfull \vbox (badness 10000) has occurred while \output is active []

 [136])
(.//LCT/+LCT.cpp [137]
Underfull \vbox (badness 10000) has occurred while \output is active []

 [138])
(.//KD/.cpp [139]) [140] (.//KD/K.cpp
Underfull \vbox (badness 10000) has occurred while \output is active []

 [141])
(.//KD/.cpp [142]
Underfull \vbox (badness 10000) has occurred while \output is active []

 [143])
Underfull \vbox (badness 10000) has occurred while \output is active []

 [144]
(.//ODT/set.cpp [145])
Underfull \vbox (badness 10000) has occurred while \output is active []

 [146]
(.//01/CF888G.cpp) (.//01/01.cpp [147])
Underfull \vbox (badness 10000) has occurred while \output is active []

 [148]

Package hyperref Warning: Token not allowed in a PDF string (Unicode):
(hyperref)                removing `math shift' on input line 661.


Package hyperref Warning: Token not allowed in a PDF string (Unicode):
(hyperref)                removing `\mathop' on input line 661.


Package hyperref Warning: Token not allowed in a PDF string (Unicode):
(hyperref)                removing `\mathgroup' on input line 661.


Package hyperref Warning: Token not allowed in a PDF string (Unicode):
(hyperref)                removing `\symoperators' on input line 661.


Package hyperref Warning: Token not allowed in a PDF string (Unicode):
(hyperref)                removing `\@ifnextchar' on input line 661.


Package hyperref Warning: Token not allowed in a PDF string (Unicode):
(hyperref)                removing `math shift' on input line 661.

(.///LT.cpp [149])
(.///push_down[JLOI2015].cpp [150]
Underfull \vbox (badness 10000) has occurred while \output is active []

 [151])
(.//.cpp [152]) (.//.cpp [153]) (.//.cpp
[154])
Underfull \vbox (badness 10000) has occurred while \output is active []

 [155]
(.//.cpp
Underfull \vbox (badness 10000) has occurred while \output is active []

 [156])
(.//.cpp [157]) (.///.cpp [158])
(.///+.cpp [159]
Underfull \vbox (badness 10000) has occurred while \output is active []

 [160])
(.///.cpp
Missing character: There is no  in font Monaco/OT!
Missing character: There is no  in font Monaco/OT!
Missing character: There is no  in font Monaco/OT!
Missing character: There is no  in font Monaco/OT!
Missing character: There is no  in font Monaco/OT!
Missing character: There is no  in font Monaco/OT!
Missing character: There is no  in font Monaco/OT!
Missing character: There is no  in font Monaco/OT!
Missing character: There is no  in font Monaco/OT!
Missing character: There is no  in font Monaco/OT!
Missing character: There is no  in font Monaco/OT!
Missing character: There is no  in font Monaco/OT!
Missing character: There is no  in font Monaco/OT!
Missing character: There is no  in font Monaco/OT!
Missing character: There is no  in font Monaco/OT!
Missing character: There is no  in font Monaco/OT!
Missing character: There is no  in font Monaco/OT!
Missing character: There is no  in font Monaco/OT!
 [161]) (.///.cpp [162])
(.///.cpp [163]) [164]
Missing character: There is no  in font Microsoft YaHei/OT:script=latn;languag
e=DFLT;mapping=tex-text;!
 (.///AT1219.cpp
Underfull \vbox (badness 2351) has occurred while \output is active []

 [165])
Overfull \hbox (5.31035pt too wide) in paragraph at lines 718--718
[]\TU/MicrosoftYaHei(0)/m/n/9.03374 4644631106519040000, 2154334728240414720000
, 1193170003333152768000000, 777776389315596582912000000 
 []


Underfull \hbox (badness 10000) in paragraph at lines 720--721

 []


Underfull \hbox (badness 10000) in paragraph at lines 731--732

 []


Package hyperref Warning: Token not allowed in a PDF string (Unicode):
(hyperref)                removing `math shift' on input line 738.


Package hyperref Warning: Token not allowed in a PDF string (Unicode):
(hyperref)                removing `\mathop' on input line 738.


Package hyperref Warning: Token not allowed in a PDF string (Unicode):
(hyperref)                removing `\mathgroup' on input line 738.


Package hyperref Warning: Token not allowed in a PDF string (Unicode):
(hyperref)                removing `\symoperators' on input line 738.


Package hyperref Warning: Token not allowed in a PDF string (Unicode):
(hyperref)                removing `\@ifnextchar' on input line 738.


Package hyperref Warning: Token not allowed in a PDF string (Unicode):
(hyperref)                removing `\mathop' on input line 738.


Package hyperref Warning: Token not allowed in a PDF string (Unicode):
(hyperref)                removing `\mathgroup' on input line 738.


Package hyperref Warning: Token not allowed in a PDF string (Unicode):
(hyperref)                removing `\symoperators' on input line 738.


Package hyperref Warning: Token not allowed in a PDF string (Unicode):
(hyperref)                removing `\@ifnextchar' on input line 738.


Package hyperref Warning: Token not allowed in a PDF string (Unicode):
(hyperref)                removing `math shift' on input line 738.

(.//CDQ/.cpp [166]
Underfull \vbox (badness 10000) has occurred while \output is active []

 [167])
(.//LCA.cpp) (.//151nod1291.cpp [168]) (.//.cpp [169])
File: /_pic.png Graphic file (type bmp)
</_pic.png>

(.//.cpp [170]) (.//.cpp) (.///.cpp
Missing character: There is no  in font SimSun/OT:script=hani;language=DFLT;!
Missing character: There is no  in font SimSun/OT:script=hani;language=DFLT;!
Missing character: There is no  in font SimSun/OT:script=hani;language=DFLT;!
 [171])
(.///.cpp
Missing character: There is no  in font SimSun/OT:script=hani;language=DFLT;!
Missing character: There is no  in font SimSun/OT:script=hani;language=DFLT;!
) (./yx/2017ICPCH.cpp [172])
(./yx/.cpp [173]) (./yx/n.cpp [174])
(.//2_TS.cpp) (.//3_N1L.cpp [175])
(.//4_.cpp [176]) (.//5_K.cpp
Overfull \hbox (0.82642pt too wide) in paragraph at lines 12--13
[][][][][][][][][][][][][][][][][][][][][][][][][][][][][][][][][][][][][][][][
][][][][][][][][][][][][][][][][][][][][][][][][][][][][][][][][][][][][][][][]
[][][][][][][][][][][][][][][][][][][][][][][][][][][][][][][][][][][][]  
 []

) (c:/texlive/2019/texmf-dist/tex/latex/listings/lstlang1.sty
File: lstlang1.sty 2019/02/27 1.8b listings language file
)
(./xaveir/javaBasic.txt [177]) (./xaveir/javaExcrt.txt
Underfull \vbox (badness 10000) has occurred while \output is active []

 [178]
Overfull \hbox (132.59448pt too wide) in paragraph at lines 41--42
[][][][][][][][][][][][][][][][][][][][][][][][][][][][][][][][][][][][][][][][
][][][][][]  
 []

) (c:/texlive/2019/texmf-dist/tex/latex/listings/lstlang1.sty
File: lstlang1.sty 2019/02/27 1.8b listings language file
)
(./xaveir/python.txt [179]) (./python/.py) (./python/.py [180])
(.//YNOI/+P3792.cpp [181]
Underfull \vbox (badness 10000) has occurred while \output is active []

 [182])

LaTeX Warning: `h' float specifier changed to `ht'.

(.//202H.cpp
Underfull \vbox (badness 1418) has occurred while \output is active []

 [183])
Underfull \vbox (badness 6396) has occurred while \output is active []

 [184]
(.//HDU5575.cpp [185]) (.//.cpp
[186]
Underfull \vbox (badness 10000) has occurred while \output is active []

 [187])
(.//ZOJ4102.cpp [188]) (.//ZOJ4135.cpp
[189]) (.//2019L.cpp [190]
Underfull \vbox (badness 10000) has occurred while \output is active []

 [191])
(.//2019CCPCL.cpp [192]) [193] (.//1i.cpp
[194])
Underfull \vbox (badness 10000) has occurred while \output is active []

 [195]
(.//DPHDU6606.cpp [196]) (.//CRT+HDU5238.cpp [197]
Underfull \vbox (badness 10000) has occurred while \output is active []

 [198]
Underfull \vbox (badness 10000) has occurred while \output is active []

 [199])
(.//+2018ICPCE.cpp [200]
Underfull \vbox (badness 10000) has occurred while \output is active []

 [201]
Underfull \vbox (badness 10000) has occurred while \output is active []

 [202])
(.//CF1452E.cpp [203]) (.//+2017ICPC.cpp [204])
(.//++2017CCPCA.cpp [205]
Underfull \vbox (badness 10000) has occurred while \output is active []

 [206])
(.//MEX.cpp [207]
Underfull \vbox (badness 10000) has occurred while \output is active []

 [208])
(.//.cpp [209]
Underfull \vbox (badness 10000) has occurred while \output is active []

 [210])
(.//.cpp [211]
Underfull \vbox (badness 10000) has occurred while \output is active []

 [212]
Underfull \vbox (badness 10000) has occurred while \output is active []

 [213])
File: /.jpg Graphic file (type bmp)
</.jpg>

(.//.cpp [214]
Underfull \vbox (badness 10000) has occurred while \output is active []

 [215])
File: /.jpg Graphic file (type bmp)
</.jpg>

(.//HDUFHQ.cpp [216]
Underfull \vbox (badness 10000) has occurred while \output is active []

 [217]
Underfull \vbox (badness 10000) has occurred while \output is active []

 [218])

Package hyperref Warning: Token not allowed in a PDF string (Unicode):
(hyperref)                removing `math shift' on input line 992.


Package hyperref Warning: Token not allowed in a PDF string (Unicode):
(hyperref)                removing `math shift' on input line 992.


Package hyperref Warning: Token not allowed in a PDF string (Unicode):
(hyperref)                removing `math shift' on input line 992.


Package hyperref Warning: Token not allowed in a PDF string (Unicode):
(hyperref)                removing `math shift' on input line 992.


Package hyperref Warning: Token not allowed in a PDF string (Unicode):
(hyperref)                removing `math shift' on input line 992.


Package hyperref Warning: Token not allowed in a PDF string (Unicode):
(hyperref)                removing `math shift' on input line 992.

(.//.cpp [219]
Underfull \vbox (badness 10000) has occurred while \output is active []

 [220]
Underfull \vbox (badness 10000) has occurred while \output is active []

 [221]
Underfull \vbox (badness 10000) has occurred while \output is active []

 [222])
(.//8kuangbin.cpp [223]
Underfull \vbox (badness 10000) has occurred while \output is active []

 [224])
(.//.cpp [225]) [226] (.//2020.cpp
Underfull \vbox (badness 7944) has occurred while \output is active []

 [227]
Underfull \vbox (badness 10000) has occurred while \output is active []

 [228])
(.//2020.cpp [229]
Underfull \vbox (badness 10000) has occurred while \output is active []

 [230])
(.//LCM.cpp [231]) (.//x.cpp [232]
Underfull \vbox (badness 10000) has occurred while \output is active []

 [233])
(./st1vdy.cpp [234]
Underfull \vbox (badness 10000) has occurred while \output is active []

 [235]
Underfull \vbox (badness 10000) has occurred while \output is active []

 [236]
Underfull \vbox (badness 10000) has occurred while \output is active []

 [237]
Underfull \vbox (badness 10000) has occurred while \output is active []

 [238]
Underfull \vbox (badness 10000) has occurred while \output is active []

 [239]
Underfull \vbox (badness 10000) has occurred while \output is active []

 [240]
Underfull \vbox (badness 10000) has occurred while \output is active []

 [241])
(./forver97.cpp [242]
Underfull \vbox (badness 10000) has occurred while \output is active []

 [243])
Package atveryend Info: Empty hook `BeforeClearDocument' on input line 1035.

[244]
Package atveryend Info: Empty hook `AfterLastShipout' on input line 1035.
 (./ZJPC2.aux)
Package atveryend Info: Empty hook `AtVeryEndDocument' on input line 1035.
Package atveryend Info: Executing hook `AtEndAfterFileList' on input line 1035.

Package rerunfilecheck Info: File `ZJPC2.out' has not changed.
(rerunfilecheck)             Checksum: F2B52CF0803223C5D176CD029AFC1B4F.


LaTeX Font Warning: Size substitutions with differences
(Font)              up to 0.41063pt have occurred.


LaTeX Warning: There were multiply-defined labels.

Package atveryend Info: Empty hook `AtVeryVeryEnd' on input line 1035.
 ) 
Here is how much of TeX's memory you used:
 36746 strings out of 492922
 695417 string characters out of 6136750
 1090853 words of memory out of 5000000
 39809 multiletter control sequences out of 15000+600000
 540536 words of font info for 108 fonts, out of 8000000 for 9000
 1348 hyphenation exceptions out of 8191
 54i,17n,68p,911b,1920s stack positions out of 5000i,500n,10000p,200000b,80000s

Output written on ZJPC2.pdf (249 pages).
