\BOOKMARK [1][-]{section.1}{\376\377\127\372\147\054\144\315\117\134}{}% 1
\BOOKMARK [2][-]{subsection.1.1}{\376\377\137\353\213\373\000f\000r\000e\000a\000d}{section.1}% 2
\BOOKMARK [2][-]{subsection.1.2}{\376\377\147\035\234\234\116\272\137\353\213\373}{section.1}% 3
\BOOKMARK [2][-]{subsection.1.3}{\376\377\000\137\000\137\000i\000n\000t\0001\0002\0008}{section.1}% 4
\BOOKMARK [2][-]{subsection.1.4}{\376\377\116\214\176\364\171\273\145\143\123\026}{section.1}% 5
\BOOKMARK [2][-]{subsection.1.5}{\376\377\167\351\226\065\137\353\220\037\136\102}{section.1}% 6
\BOOKMARK [2][-]{subsection.1.6}{\376\377\162\266\140\001\123\213\177\051}{section.1}% 7
\BOOKMARK [2][-]{subsection.1.7}{\376\377\116\214\217\333\122\066\147\232\116\076}{section.1}% 8
\BOOKMARK [2][-]{subsection.1.8}{\376\377\000b\000i\000t\000s\000e\000t}{section.1}% 9
\BOOKMARK [2][-]{subsection.1.9}{\376\377\232\330\145\110\117\115\217\320\173\227\000\040\000\137\000\137\000b\000u\000i\000l\000t\000i\000n\000\137\000\040\121\375\145\160}{section.1}% 10
\BOOKMARK [2][-]{subsection.1.10}{\376\377\145\143\122\027\131\004\164\006\137\002\142\026\170\260\144\236}{section.1}% 11
\BOOKMARK [2][-]{subsection.1.11}{\376\377\133\371\142\315}{section.1}% 12
\BOOKMARK [1][-]{section.2}{\376\377\000S\000T\000L}{}% 13
\BOOKMARK [2][-]{subsection.2.1}{\376\377\000u\000n\000o\000r\000d\000e\000r\000e\000d\000\137\000m\000a\000p\133\371\000p\000i\000i\217\333\210\114\124\310\136\014}{section.2}% 14
\BOOKMARK [2][-]{subsection.2.2}{\376\377\000p\000b\000\137\000d\000s\133\236\163\260\136\163\210\141\150\021}{section.2}% 15
\BOOKMARK [2][-]{subsection.2.3}{\376\377\000r\000o\000p\000e}{section.2}% 16
\BOOKMARK [1][-]{section.3}{\376\377\145\160\213\272}{}% 17
\BOOKMARK [2][-]{subsection.3.1}{\376\377\116\055\126\375\122\151\117\131\133\232\164\006}{section.3}% 18
\BOOKMARK [2][-]{subsection.3.2}{\376\377\116\214\153\041\122\151\117\131}{section.3}% 19
\BOOKMARK [2][-]{subsection.3.3}{\376\377\205\041\122\322\121\154\137\017\377\010\0001\0005\0008\0002\116\113\124\016\377\011}{section.3}% 20
\BOOKMARK [2][-]{subsection.3.4}{\376\377\000F\000F\000T}{section.3}% 21
\BOOKMARK [2][-]{subsection.3.5}{\376\377\000N\000T\000T}{section.3}% 22
\BOOKMARK [3][-]{subsubsection.3.5.1}{\376\377\123\237\150\071}{subsection.3.5}% 23
\BOOKMARK [3][-]{subsubsection.3.5.2}{\376\377\000N\000T\000T\127\372\170\100}{subsection.3.5}% 24
\BOOKMARK [3][-]{subsubsection.3.5.3}{\376\377\131\032\230\171\137\017\116\130\154\325\220\006}{subsection.3.5}% 25
\BOOKMARK [3][-]{subsubsection.3.5.4}{\376\377\131\032\230\171\137\017\137\000\145\271}{subsection.3.5}% 26
\BOOKMARK [3][-]{subsubsection.3.5.5}{\376\377\131\032\230\171\137\017\137\000\145\271\377\010\122\240\137\072\162\110\377\011}{subsection.3.5}% 27
\BOOKMARK [3][-]{subsubsection.3.5.6}{\376\377\131\032\230\171\137\017\226\144\154\325}{subsection.3.5}% 28
\BOOKMARK [3][-]{subsubsection.3.5.7}{\376\377\131\032\230\171\137\017\133\371\145\160\121\375\145\160}{subsection.3.5}% 29
\BOOKMARK [3][-]{subsubsection.3.5.8}{\376\377\131\032\230\171\137\017\143\007\145\160\121\375\145\160}{subsection.3.5}% 30
\BOOKMARK [3][-]{subsubsection.3.5.9}{\376\377\131\032\230\171\137\017\137\353\220\037\136\102\000O\000\050\000n\000\040\000l\000o\000g\000n\000\051}{subsection.3.5}% 31
\BOOKMARK [3][-]{subsubsection.3.5.10}{\376\377\131\032\230\171\137\017\137\353\220\037\136\102\000O\000\050\000n\000\040\000l\000o\000g\0002\000\040\000n\000\051}{subsection.3.5}% 32
\BOOKMARK [3][-]{subsubsection.3.5.11}{\376\377\131\032\230\171\137\017\137\353\220\037\136\102\122\240\137\072\162\110}{subsection.3.5}% 33
\BOOKMARK [3][-]{subsubsection.3.5.12}{\376\377\000V\000I\215\205\131\047\136\070\145\160\000N\000T\000T}{subsection.3.5}% 34
\BOOKMARK [2][-]{subsection.3.6}{\376\377\000F\000W\000T}{section.3}% 35
\BOOKMARK [1][-]{section.4}{\376\377\133\127\173\046\116\062}{}% 36
\BOOKMARK [2][-]{subsection.4.1}{\376\377\133\127\173\046\116\062\124\310\136\014}{section.4}% 37
\BOOKMARK [3][-]{subsubsection.4.1.1}{\376\377\123\072\225\364\116\000\176\364\124\310\136\014}{subsection.4.1}% 38
\BOOKMARK [3][-]{subsubsection.4.1.2}{\376\377\116\214\176\364\124\310\136\014}{subsection.4.1}% 39
\BOOKMARK [2][-]{subsection.4.2}{\376\377\000N\000e\000x\000t\121\375\145\160}{section.4}% 40
\BOOKMARK [3][-]{subsubsection.4.2.1}{\376\377\154\102\000n\000e\000x\000t\121\375\145\160}{subsection.4.2}% 41
\BOOKMARK [3][-]{subsubsection.4.2.2}{\376\377\154\102\121\372\153\317\116\052\137\252\163\257\202\202\166\204\145\160\221\317\124\214\176\310\160\271\117\115\177\156\377\010\000H\000D\000U\0001\0003\0005\0008\377\011}{subsection.4.2}% 42
\BOOKMARK [3][-]{subsubsection.4.2.3}{\376\377\154\102\124\014\145\366\146\057\122\115\177\000\124\214\124\016\177\000\166\204\116\062\225\177\377\010\000P\000O\000J\0002\0007\0005\0002\377\011}{subsection.4.2}% 43
\BOOKMARK [3][-]{subsubsection.4.2.4}{\376\377\154\102\133\127\173\046\116\062\153\317\116\052\122\115\177\000\124\214\116\062\123\071\221\115\142\020\122\237\166\204\153\041\145\160\124\214\377\010\000H\000D\000U\0003\0003\0003\0006\377\011}{subsection.4.2}% 44
\BOOKMARK [3][-]{subsubsection.4.2.5}{\376\377\154\102\137\252\163\257\202\202\145\160\221\317\377\010\000P\000O\000J\0002\0004\0000\0006\377\011}{subsection.4.2}% 45
\BOOKMARK [3][-]{subsubsection.4.2.6}{\376\377\154\102\173\054\116\000\116\052\116\062\166\204\122\115\177\000\124\214\173\054\116\214\116\052\116\062\166\204\124\016\177\000\166\204\147\000\131\047\123\071\221\115\377\010\000H\000D\000U\0002\0005\0009\0004\377\011}{subsection.4.2}% 46
\BOOKMARK [3][-]{subsubsection.4.2.7}{\376\377\154\102\210\145\116\012\147\000\134\021\133\127\153\315\145\160\221\317\117\177\137\227\217\331\146\057\116\052\137\252\163\257\116\062\377\010\000H\000D\000U\0003\0007\0004\0006\377\011}{subsection.4.2}% 47
\BOOKMARK [3][-]{subsubsection.4.2.8}{\376\377\116\140\230\230\145\164\164\006}{subsection.4.2}% 48
\BOOKMARK [2][-]{subsection.4.3}{\376\377\000K\000M\000P}{section.4}% 49
\BOOKMARK [3][-]{subsubsection.4.3.1}{\376\377\176\337\213\241\152\041\137\017\116\062\121\372\163\260\153\041\145\160\377\014\121\372\163\260\117\115\177\156\377\014\122\115\177\000\000b\000o\000r\000d\000e\000r\225\177\136\246}{subsection.4.3}% 50
\BOOKMARK [3][-]{subsubsection.4.3.2}{\376\377\167\351\226\065\122\240\220\037\000K\000M\000P\000,\154\102\225\177\136\246\116\072\000n\166\204\116\015\123\005\124\053\225\177\136\246\116\072\000m\166\204\133\120\116\062\166\204\116\062\116\052\145\160\377\010\000[\000H\000N\000O\000I\0002\0000\0000\0008\000]\000G\000T\200\003\213\325\377\011}{subsection.4.3}% 51
\BOOKMARK [2][-]{subsection.4.4}{\376\377\000E\000X\000K\000M\000P}{section.4}% 52
\BOOKMARK [3][-]{subsubsection.4.4.1}{\376\377\154\102\000z\121\375\145\160\124\214\000L\000C\000P}{subsection.4.4}% 53
\BOOKMARK [3][-]{subsubsection.4.4.2}{\376\377\137\252\163\257\117\115\171\373\147\011\131\032\134\021\145\160\153\324\123\237\145\160\131\047\134\017\166\370\173\111\377\014\123\273\221\315\377\010\000H\000D\000U\0004\0003\0003\0003\377\011}{subsection.4.4}% 54
\BOOKMARK [3][-]{subsubsection.4.4.3}{\376\377\220\011\121\372\000n\000\040\000\327\000\040\000n\133\371\136\166\142\212\153\317\116\000\133\371\217\336\143\245\142\020\116\000\116\052\123\125\213\315\154\102\126\336\145\207\133\371\145\160\377\010\000P\000O\000J\0003\0003\0007\0006\377\011}{subsection.4.4}% 55
\BOOKMARK [2][-]{subsection.4.5}{\376\377\000A\000C\201\352\122\250\147\072}{section.4}% 56
\BOOKMARK [3][-]{subsubsection.4.5.1}{\376\377\150\007\121\306\166\204\000A\000C\201\352\122\250\147\072}{subsection.4.5}% 57
\BOOKMARK [3][-]{subsubsection.4.5.2}{\376\377\000A\000C\201\352\122\250\147\072\116\012\150\300\147\345\145\340\226\120\225\177\137\252\163\257\116\062\377\010\000[\000P\000O\000I\0002\0000\0000\0000\000]\165\305\153\322\377\011}{subsection.4.5}% 58
\BOOKMARK [3][-]{subsubsection.4.5.3}{\376\377\000A\000C\201\352\122\250\147\072\000+\167\351\226\065\137\353\220\037\136\102}{subsection.4.5}% 59
\BOOKMARK [3][-]{subsubsection.4.5.4}{\376\377\000a\000c\201\352\122\250\147\072\171\273\176\277}{subsection.4.5}% 60
\BOOKMARK [2][-]{subsection.4.6}{\376\377\133\127\121\170\150\021\000/\000T\000r\000i\000e\150\021}{section.4}% 61
\BOOKMARK [2][-]{subsection.4.7}{\376\377\124\016\177\000\145\160\176\304\000S\000A}{section.4}% 62
\BOOKMARK [3][-]{subsubsection.4.7.1}{\376\377\203\267\123\326\000S\000A\124\214\000r\000a\000n\000k\145\160\176\304}{subsection.4.7}% 63
\BOOKMARK [3][-]{subsubsection.4.7.2}{\376\377\124\016\177\000\145\160\176\304\000+\000S\000T\210\150\154\102\000l\000c\000p}{subsection.4.7}% 64
\BOOKMARK [3][-]{subsubsection.4.7.3}{\376\377\124\016\177\000\224\376\143\245\133\127\121\170\136\217\147\000\134\017\377\010\000a\000r\000c\0000\0005\0000\000\137\000d\377\011}{subsection.4.7}% 65
\BOOKMARK [3][-]{subsubsection.4.7.4}{\376\377\217\336\176\355\167\100\121\372\163\260\153\041\145\160\147\000\131\032\166\204\133\127\116\062\377\010\000S\000P\000O\000J\000\137\000R\000E\000P\000E\000A\000T\000S\000\051}{subsection.4.7}% 66
\BOOKMARK [2][-]{subsection.4.8}{\376\377\124\016\177\000\201\352\122\250\147\072\000S\000A\000M}{section.4}% 67
\BOOKMARK [3][-]{subsubsection.4.8.1}{\376\377\124\016\177\000\201\352\122\250\147\072\147\177\133\120}{subsection.4.8}% 68
\BOOKMARK [3][-]{subsubsection.4.8.2}{\376\377\153\317\116\052\133\120\116\062\127\050\131\032\134\021\116\052\116\073\116\062\116\055\121\372\163\260\217\307\377\010\000S\000P\000O\000J\0008\0000\0009\0003\377\011}{subsection.4.8}% 69
\BOOKMARK [3][-]{subsubsection.4.8.3}{\376\377\173\054\000k\134\017\133\127\116\062}{subsection.4.8}% 70
\BOOKMARK [3][-]{subsubsection.4.8.4}{\376\377\133\127\121\170\150\021\136\372\124\016\177\000\201\352\122\250\147\072}{subsection.4.8}% 71
\BOOKMARK [3][-]{subsubsection.4.8.5}{\376\377\146\264\122\233\127\050\176\277\176\337\213\241\121\372\163\260\153\041\145\160\116\072\000k\153\041\166\204\133\127\173\046\116\062\116\052\145\160\377\010\000H\000D\000U\0004\0006\0004\0001\377\011}{subsection.4.8}% 72
\BOOKMARK [2][-]{subsection.4.9}{\376\377\000M\000a\000n\000a\000c\000h\000e\000r}{section.4}% 73
\BOOKMARK [2][-]{subsection.4.10}{\376\377\126\336\145\207\201\352\122\250\147\072\000P\000A\000M}{section.4}% 74
\BOOKMARK [3][-]{subsubsection.4.10.1}{\376\377\126\336\145\207\201\352\122\250\147\072\000P\000A\000M}{subsection.4.10}% 75
\BOOKMARK [3][-]{subsubsection.4.10.2}{\376\377\122\115\124\021\146\037\000P\000A\000M}{subsection.4.10}% 76
\BOOKMARK [3][-]{subsubsection.4.10.3}{\376\377\122\115\124\016\143\322\121\145\000P\000A\000M}{subsection.4.10}% 77
\BOOKMARK [2][-]{subsection.4.11}{\376\377\136\217\122\027\201\352\122\250\147\072\377\010\000[\000H\000E\000O\000I\0002\0000\0001\0005\000]\147\000\167\355\116\015\121\154\121\161\133\120\116\062\377\011}{section.4}% 78
\BOOKMARK [2][-]{subsection.4.12}{\376\377\147\000\134\017\210\150\171\072\154\325}{section.4}% 79
\BOOKMARK [2][-]{subsection.4.13}{\376\377\000L\000y\000n\000d\000o\000n\122\006\211\343}{section.4}% 80
\BOOKMARK [2][-]{subsection.4.14}{\376\377\000R\000U\000N\000S}{section.4}% 81
\BOOKMARK [1][-]{section.5}{\376\377\145\160\143\156\176\323\147\204}{}% 82
\BOOKMARK [2][-]{subsection.5.1}{\376\377\000S\000T\210\150}{section.5}% 83
\BOOKMARK [2][-]{subsection.5.2}{\376\377\150\021\162\266\145\160\176\304}{section.5}% 84
\BOOKMARK [3][-]{subsubsection.5.2.1}{\376\377\000l\000o\000w\000b\000i\000t\116\113\124\214}{subsection.5.2}% 85
\BOOKMARK [3][-]{subsubsection.5.2.2}{\376\377\123\072\225\364\122\240\121\317\000+\123\072\225\364\124\214\147\345\213\342}{subsection.5.2}% 86
\BOOKMARK [3][-]{subsubsection.5.2.3}{\376\377\176\337\213\241\122\115\124\016\230\172\136\217\116\015\124\014\145\160\133\127\133\371\116\052\145\160\377\010\116\011\176\364\120\117\136\217\225\356\230\230\377\011}{subsection.5.2}% 87
\BOOKMARK [2][-]{subsection.5.3}{\376\377\116\214\176\364\150\021\162\266\145\160\176\304}{section.5}% 88
\BOOKMARK [3][-]{subsubsection.5.3.1}{\376\377\123\125\160\271\117\356\145\071\000+\123\072\225\364\147\345\213\342}{subsection.5.3}% 89
\BOOKMARK [3][-]{subsubsection.5.3.2}{\376\377\123\072\225\364\117\356\145\071\000+\123\125\160\271\147\345\213\342}{subsection.5.3}% 90
\BOOKMARK [3][-]{subsubsection.5.3.3}{\376\377\123\072\225\364\117\356\145\071\000+\123\072\225\364\147\345\213\342}{subsection.5.3}% 91
\BOOKMARK [2][-]{subsection.5.4}{\376\377\176\277\153\265\150\021}{section.5}% 92
\BOOKMARK [3][-]{subsubsection.5.4.1}{\376\377\123\125\160\271\117\356\145\071\000+\123\072\225\364\147\345\213\342}{subsection.5.4}% 93
\BOOKMARK [3][-]{subsubsection.5.4.2}{\376\377\123\072\225\364\117\356\145\071\000+\123\072\225\364\147\345\213\342}{subsection.5.4}% 94
\BOOKMARK [3][-]{subsubsection.5.4.3}{\376\377\123\072\225\364\147\323\202\162}{subsection.5.4}% 95
\BOOKMARK [3][-]{subsubsection.5.4.4}{\376\377\123\072\225\364\117\356\145\071\000+\123\072\225\364\147\345\213\342\377\032\167\351\226\065}{subsection.5.4}% 96
\BOOKMARK [3][-]{subsubsection.5.4.5}{\376\377\123\072\225\364\116\055\142\100\147\011\121\103\175\040\220\375\116\045\150\074\121\372\163\260\116\011\153\041\166\204\123\072\225\364\116\052\145\160\377\010\000C\000F\0001\0004\0001\0008\000G\377\011}{subsection.5.4}% 97
\BOOKMARK [3][-]{subsubsection.5.4.6}{\376\377\176\277\153\265\150\021\122\006\210\302\124\010\136\166}{subsection.5.4}% 98
\BOOKMARK [3][-]{subsubsection.5.4.7}{\376\377\123\125\160\271\117\356\145\071\000+\123\125\160\271\147\000\131\047\217\336\220\032\145\160\377\010\000H\000D\000U\0001\0005\0004\0000\377\011}{subsection.5.4}% 99
\BOOKMARK [3][-]{subsubsection.5.4.8}{\376\377\142\176\122\060\147\000\122\115\166\204\225\177\136\246\116\072\000k\166\204\136\217\122\027}{subsection.5.4}% 100
\BOOKMARK [3][-]{subsubsection.5.4.9}{\376\377\122\240\116\130\215\113\120\074\176\277\153\265\150\021}{subsection.5.4}% 101
\BOOKMARK [2][-]{subsection.5.5}{\376\377\116\214\176\364\176\277\153\265\150\021}{section.5}% 102
\BOOKMARK [2][-]{subsection.5.6}{\376\377\000Z\000K\000W\176\277\153\265\150\021}{section.5}% 103
\BOOKMARK [3][-]{subsubsection.5.6.1}{\376\377\137\000\134\100}{subsection.5.6}% 104
\BOOKMARK [3][-]{subsubsection.5.6.2}{\376\377\123\125\160\271\117\356\145\071\000+\123\072\225\364\147\345\213\342}{subsection.5.6}% 105
\BOOKMARK [3][-]{subsubsection.5.6.3}{\376\377\123\125\160\271\117\356\145\071\000+\123\072\225\364\147\345\213\342\147\000\131\047\133\127\153\265\124\214}{subsection.5.6}% 106
\BOOKMARK [3][-]{subsubsection.5.6.4}{\376\377\123\072\225\364\122\240\121\317\000+\123\125\160\271\147\345\213\342}{subsection.5.6}% 107
\BOOKMARK [3][-]{subsubsection.5.6.5}{\376\377\123\072\225\364\122\240\121\317\000+\123\072\225\364\147\000\120\074\147\345\213\342\377\010\000l\000a\000z\000y\150\007\213\260\377\011}{subsection.5.6}% 108
\BOOKMARK [2][-]{subsection.5.7}{\376\377\124\011\123\370\147\072\176\277\153\265\150\021}{section.5}% 109
\BOOKMARK [3][-]{subsubsection.5.7.1}{\376\377\123\072\225\364\123\326\000m\000i\000n\000+\123\072\225\364\147\345\213\342\000O\000\050\000m\000\040\000l\000o\000g\000n\000\051}{subsection.5.7}% 110
\BOOKMARK [3][-]{subsubsection.5.7.2}{\376\377\145\057\143\001\123\072\225\364\122\240\377\010\000B\000Z\000O\000J\0004\0006\0009\0005\000\040\147\000\120\107\131\163\220\011\142\113\377\011\000O\000\050\000m\000\040\000l\000o\000g\0002\000n\000\051}{subsection.5.7}% 111
\BOOKMARK [3][-]{subsubsection.5.7.3}{\376\377\176\364\142\244\123\072\225\364\147\000\120\074\144\315\117\134\116\016\123\072\225\364\123\206\123\362\147\000\120\074\377\010\155\033\214\067\000\040\176\277\153\265\150\021\0003\377\011\000O\000\050\000m\000\040\000l\000o\000g\0002\000n\000\051}{subsection.5.7}% 112
\BOOKMARK [2][-]{subsection.5.8}{\376\377\147\116\215\205\176\277\153\265\150\021}{section.5}% 113
\BOOKMARK [3][-]{subsubsection.5.8.1}{\376\377\121\375\145\160\133\232\160\271\147\000\120\074\377\010\000[\000H\000E\000O\000I\0002\0000\0001\0003\000]\000S\000e\000g\000m\000e\000n\000t\377\011}{subsection.5.8}% 114
\BOOKMARK [3][-]{subsubsection.5.8.2}{\376\377\147\116\215\205\116\012\150\021\377\010\000[\000S\000D\000O\000I\0002\0000\0001\0006\000]\156\070\142\017\377\011\000O\000\050\000m\000\040\000l\000o\000g\0003\000n\000\051}{subsection.5.8}% 115
\BOOKMARK [2][-]{subsection.5.9}{\376\377\142\153\143\317\176\277}{section.5}% 116
\BOOKMARK [3][-]{subsubsection.5.9.1}{\376\377\167\351\137\142\136\166\227\142\171\357}{subsection.5.9}% 117
\BOOKMARK [3][-]{subsubsection.5.9.2}{\376\377\167\351\137\142\136\166\124\150\225\177}{subsection.5.9}% 118
\BOOKMARK [3][-]{subsubsection.5.9.3}{\376\377\167\351\226\065\154\102\124\214\147\000\120\074\377\010\000P\000O\000J\000-\0002\0004\0008\0002\377\011}{subsection.5.9}% 119
\BOOKMARK [3][-]{subsubsection.5.9.4}{\376\377\145\313\217\154\142\153\143\317\176\277}{subsection.5.9}% 120
\BOOKMARK [3][-]{subsubsection.5.9.5}{\376\377\116\011\176\364\154\102\227\142\171\357\116\244}{subsection.5.9}% 121
\BOOKMARK [2][-]{subsection.5.10}{\376\377\123\357\143\001\116\105\123\026\176\277\153\265\150\021\377\010\116\073\136\055\150\021\377\011}{section.5}% 122
\BOOKMARK [3][-]{subsubsection.5.10.1}{\376\377\227\131\140\001\123\072\225\364\173\054\000K\134\017}{subsection.5.10}% 123
\BOOKMARK [3][-]{subsubsection.5.10.2}{\376\377\123\072\225\364\121\205\116\015\124\014\145\160\116\052\145\160}{subsection.5.10}% 124
\BOOKMARK [3][-]{subsubsection.5.10.3}{\376\377\150\021\116\012\215\357\137\204\160\271\147\103\173\054\000K\131\047}{subsection.5.10}% 125
\BOOKMARK [3][-]{subsubsection.5.10.4}{\376\377\123\072\225\364\000M\000E\000X}{subsection.5.10}% 126
\BOOKMARK [2][-]{subsection.5.11}{\376\377\147\011\145\313\000T\000r\000e\000a\000p}{section.5}% 127
\BOOKMARK [3][-]{subsubsection.5.11.1}{\376\377\146\156\220\032\136\163\210\141\150\021\000T\000r\000e\000a\000p}{subsection.5.11}% 128
\BOOKMARK [3][-]{subsubsection.5.11.2}{\376\377\136\166\147\345\226\306\000+\124\057\123\321\137\017\124\010\136\166\377\010\000H\000D\000U\0003\0007\0002\0006\377\011}{subsection.5.11}% 129
\BOOKMARK [2][-]{subsection.5.12}{\376\377\145\340\145\313\000T\000r\000e\000a\000p\377\010\000F\000H\000Q\000\040\000T\000r\000e\000a\000p\377\011}{section.5}% 130
\BOOKMARK [3][-]{subsubsection.5.12.1}{\376\377\123\072\225\364\177\373\217\154}{subsection.5.12}% 131
\BOOKMARK [3][-]{subsubsection.5.12.2}{\376\377\123\357\143\001\116\105\123\026\000F\000H\000Q}{subsection.5.12}% 132
\BOOKMARK [2][-]{subsection.5.13}{\376\377\150\021\131\127\150\021}{section.5}% 133
\BOOKMARK [3][-]{subsubsection.5.13.1}{\376\377\136\046\117\356\116\073\136\055\150\021}{subsection.5.13}% 134
\BOOKMARK [3][-]{subsubsection.5.13.2}{\376\377\123\072\225\364\117\356\145\071\123\072\225\364\147\345\213\342\173\054\000K\131\047\377\010\000[\000Z\000J\000O\000I\0002\0000\0001\0003\000]\000K\131\047\145\160\147\345\213\342\377\011}{subsection.5.13}% 135
\BOOKMARK [2][-]{subsection.5.14}{\376\377\173\033\123\141\134\024\150\021}{section.5}% 136
\BOOKMARK [3][-]{subsubsection.5.14.1}{\376\377\136\372\150\021}{subsection.5.14}% 137
\BOOKMARK [2][-]{subsection.5.15}{\376\377\122\250\140\001\150\021\000L\000C\000T}{section.5}% 138
\BOOKMARK [3][-]{subsubsection.5.15.1}{\376\377\000l\000c\000t\217\336\224\376\060\001\145\255\224\376\060\001\146\364\145\071\160\271\147\103\060\001\147\345\213\342\224\376\116\012\160\271\147\103\137\002\142\026\124\214}{subsection.5.15}% 139
\BOOKMARK [3][-]{subsubsection.5.15.2}{\376\377\150\021\116\012\215\357\137\204\147\323\202\162\377\010\000[\000S\000D\000O\000I\0002\0000\0001\0001\000]\147\323\202\162\377\011}{subsection.5.15}% 140
\BOOKMARK [3][-]{subsubsection.5.15.3}{\376\377\000S\000A\000M\000+\176\277\153\265\150\021\000+\000L\000C\000T\171\273\176\277\176\337\213\241\123\072\225\364\147\054\215\050\116\015\124\014\133\127\116\062\116\052\145\160}{subsection.5.15}% 141
\BOOKMARK [3][-]{subsubsection.5.15.4}{\376\377\116\073\136\055\150\021\000+\000L\000C\000T\127\050\176\277\147\345\213\342\123\072\225\364\217\336\220\032\127\127\116\052\145\160}{subsection.5.15}% 142
\BOOKMARK [2][-]{subsection.5.16}{\376\377\000K\000D\150\021}{section.5}% 143
\BOOKMARK [3][-]{subsubsection.5.16.1}{\376\377\136\163\227\142\147\000\217\321\160\271\133\371}{subsection.5.16}% 144
\BOOKMARK [3][-]{subsubsection.5.16.2}{\376\377\000K\217\334\160\271\133\371\000\050\000[\000C\000Q\000O\000I\0002\0000\0001\0006\000]\000\051}{subsection.5.16}% 145
\BOOKMARK [3][-]{subsubsection.5.16.3}{\376\377\232\330\176\364\172\172\225\364\116\012\166\204\144\315\117\134}{subsection.5.16}% 146
\BOOKMARK [2][-]{subsection.5.17}{\376\377\163\302\147\065\203\211\150\021\000/\200\001\123\370\147\072\150\021\000/\000O\000D\000T}{section.5}% 147
\BOOKMARK [3][-]{subsubsection.5.17.1}{\376\377\000s\000e\000t\133\236\163\260\163\302\147\065\203\211\150\021}{subsection.5.17}% 148
\BOOKMARK [2][-]{subsection.5.18}{\376\377\0000\0001\133\127\121\170\150\021}{section.5}% 149
\BOOKMARK [3][-]{subsubsection.5.18.1}{\376\377\215\357\137\204\116\072\160\271\147\103\137\002\142\026\120\074\154\102\147\000\134\017\165\037\142\020\150\021\377\010\000C\000F\0008\0008\0008\000G\377\011}{subsection.5.18}% 150
\BOOKMARK [3][-]{subsubsection.5.18.2}{\376\377\123\357\143\001\116\105\123\026\0000\0001\133\127\121\170\150\021}{subsection.5.18}% 151
\BOOKMARK [2][-]{subsection.5.19}{\376\377\135\346\120\117\150\021\377\010\123\357\136\166\130\006\377\011}{section.5}% 152
\BOOKMARK [3][-]{subsubsection.5.19.1}{\376\377\135\346\120\117\150\021\000O\000\050\000l\000o\000g\000n\000\051}{subsection.5.19}% 153
\BOOKMARK [3][-]{subsubsection.5.19.2}{\376\377\136\046\000p\000u\000s\000h\000\137\000d\000o\000w\000n\144\315\117\134\166\204\135\346\120\117\150\021\133\120\150\021\202\202\160\271\124\010\136\166\377\010\000[\000J\000L\000O\000I\0002\0000\0001\0005\000]\127\316\154\140\145\073\123\140\377\011}{subsection.5.19}% 154
\BOOKMARK [1][-]{section.6}{\376\377\122\006\127\127}{}% 155
\BOOKMARK [2][-]{subsection.6.1}{\376\377\123\072\225\364\122\240\154\325\154\102\124\214}{section.6}% 156
\BOOKMARK [2][-]{subsection.6.2}{\376\377\213\342\225\356\123\072\225\364\121\205\134\017\116\216\147\320\116\052\120\074\166\204\121\103\175\040\116\052\145\160}{section.6}% 157
\BOOKMARK [2][-]{subsection.6.3}{\376\377\213\342\225\356\123\072\225\364\121\205\147\320\116\052\120\074\166\204\122\115\232\161}{section.6}% 158
\BOOKMARK [2][-]{subsection.6.4}{\376\377\123\072\225\364\133\373\142\176\147\320\116\052\145\160\136\166\215\113\120\074}{section.6}% 159
\BOOKMARK [2][-]{subsection.6.5}{\376\377\123\072\225\364\147\000\134\017\117\027\145\160}{section.6}% 160
\BOOKMARK [2][-]{subsection.6.6}{\376\377\203\253\226\037}{section.6}% 161
\BOOKMARK [3][-]{subsubsection.6.6.1}{\376\377\123\072\225\364\147\345\213\342\377\014\176\337\213\241\116\044\116\052\166\370\124\014\151\202\163\207}{subsection.6.6}% 162
\BOOKMARK [3][-]{subsubsection.6.6.2}{\376\377\145\366\225\364\142\063\000+\176\337\213\241\147\011\131\032\134\021\116\052\116\015\124\014\166\204\145\160}{subsection.6.6}% 163
\BOOKMARK [3][-]{subsubsection.6.6.3}{\376\377\150\021\162\266\145\160\176\304\176\364\142\244\123\072\225\364\116\044\145\160\116\113\135\356}{subsection.6.6}% 164
\BOOKMARK [3][-]{subsubsection.6.6.4}{\376\377\176\337\213\241\147\011\131\032\134\021\116\052\116\015\124\014\166\204\145\160}{subsection.6.6}% 165
\BOOKMARK [3][-]{subsubsection.6.6.5}{\376\377\126\336\156\332\203\253\226\037}{subsection.6.6}% 166
\BOOKMARK [3][-]{subsubsection.6.6.6}{\376\377\146\156\220\032\203\253\226\037\116\343\146\377\126\336\156\332\203\253\226\037\377\010\000A\000T\0001\0002\0001\0009\377\011}{subsection.6.6}% 167
\BOOKMARK [1][-]{section.7}{\376\377\147\102\230\171}{}% 168
\BOOKMARK [2][-]{subsection.7.1}{\376\377\145\160\122\027\137\122\176\263}{section.7}% 169
\BOOKMARK [2][-]{subsection.7.2}{\376\377\000C\000D\000Q}{section.7}% 170
\BOOKMARK [3][-]{subsubsection.7.2.1}{\376\377\116\011\117\115\120\117\136\217\000O\000\050\000n\000\040\000l\000o\000g\000n\000\040\000l\000o\000g\000k\000\051}{subsection.7.2}% 171
\BOOKMARK [2][-]{subsection.7.3}{\376\377\000L\000C\000A}{section.7}% 172
\BOOKMARK [2][-]{subsection.7.4}{\376\377\121\150\0001\167\351\226\065\116\052\145\160\377\010\0005\0001\000n\000o\000d\0001\0002\0009\0001\377\011}{section.7}% 173
\BOOKMARK [2][-]{subsection.7.5}{\376\377\123\116\133\271\220\123}{section.7}% 174
\BOOKMARK [2][-]{subsection.7.6}{\376\377\136\014\134\024\117\057\162\171\146\362\176\277}{section.7}% 175
\BOOKMARK [2][-]{subsection.7.7}{\376\377\227\136\145\164\145\160\136\014\134\024\117\057\162\171\146\362\176\277}{section.7}% 176
\BOOKMARK [2][-]{subsection.7.8}{\376\377\176\246\164\137\131\053\163\257}{section.7}% 177
\BOOKMARK [3][-]{subsubsection.7.8.1}{\376\377\116\000\202\054\145\271\154\325}{subsection.7.8}% 178
\BOOKMARK [3][-]{subsubsection.7.8.2}{\376\377\121\375\145\160\126\376\120\317\211\343}{subsection.7.8}% 179
\BOOKMARK [1][-]{section.8}{\376\377\213\241\173\227\121\340\117\125}{}% 180
\BOOKMARK [2][-]{subsection.8.1}{\376\377\225\177\145\271\117\123\127\050\116\011\176\364\172\172\225\364\116\055\217\320\122\250\171\273\166\356\150\007\160\271\147\000\217\321\215\335\171\273\377\010\0002\0000\0001\0007\000I\000C\000P\000C\227\122\134\233\000H\377\011}{section.8}% 181
\BOOKMARK [2][-]{subsection.8.2}{\376\377\147\000\134\017\164\003\211\206\166\326\377\010\152\041\142\337\220\000\160\153\377\011}{section.8}% 182
\BOOKMARK [2][-]{subsection.8.3}{\376\377\154\102\000n\116\052\160\271\166\204\136\046\147\103\174\173\215\071\232\154\160\271\377\010\152\041\142\337\220\000\160\153\377\011}{section.8}% 183
\BOOKMARK [1][-]{section.9}{\376\377\122\250\140\001\211\304\122\022}{}% 184
\BOOKMARK [2][-]{subsection.9.1}{\376\377\000\043\0002\000\040\133\127\173\046\116\062\000T\127\050\133\127\173\046\116\062\000S\133\120\136\217\122\027\121\372\163\260\166\204\153\041\145\160}{section.9}% 185
\BOOKMARK [2][-]{subsection.9.2}{\376\377\000\043\0003\000\040\000N\171\315\225\177\136\246\116\072\0001\121\103\175\040\130\153\121\105\000L}{section.9}% 186
\BOOKMARK [2][-]{subsection.9.3}{\376\377\000\043\0004\000\040\122\006\122\162\145\160\176\304}{section.9}% 187
\BOOKMARK [2][-]{subsection.9.4}{\376\377\000\043\0005\000\040\122\022\122\006\116\072\000K\116\052\166\370\173\111\166\204\133\120\226\306}{section.9}% 188
\BOOKMARK [1][-]{section.10}{\376\377\000J\000a\000v\000a\000\040\000\046\000\040\000P\000y\000t\000h\000o\000n}{}% 189
\BOOKMARK [2][-]{subsection.10.1}{\376\377\000J\000a\000v\000a}{section.10}% 190
\BOOKMARK [2][-]{subsection.10.2}{\376\377\000P\000y\000t\000h\000o\000n}{section.10}% 191
\BOOKMARK [3][-]{subsubsection.10.2.1}{\376\377\000p\000y\000t\000h\000o\000n}{subsection.10.2}% 192
\BOOKMARK [3][-]{subsubsection.10.2.2}{\376\377\213\241\173\227\210\150\217\276\137\017}{subsection.10.2}% 193
\BOOKMARK [3][-]{subsubsection.10.2.3}{\376\377\153\143\122\031\210\150\217\276\137\017}{subsection.10.2}% 194
\BOOKMARK [1][-]{section.11}{\376\377\000Y\000N\000O\000I}{}% 195
\BOOKMARK [2][-]{subsection.11.1}{\376\377\136\046\117\356\147\345\213\342\200\375\124\046\217\336\176\355\221\315\143\222\116\072\120\074\127\337\217\336\176\355\166\204\136\217\122\027\377\010\176\277\153\265\150\021\000+\145\143\122\027\137\002\142\026\377\011\377\010\155\033\214\067\000P\0003\0007\0009\0002\377\011}{section.11}% 196
\BOOKMARK [1][-]{section.12}{\376\377\116\140\230\230\145\164\164\006}{}% 197
\BOOKMARK [2][-]{subsection.12.1}{\376\377\123\357\221\315\217\271\226\306\166\204\160\271\200\375\124\046\124\214\137\123\122\115\213\342\225\356\217\271\147\204\142\020\116\011\211\322\137\142\377\010\0002\0000\162\133\133\242\0002\000H\377\011\377\010\122\250\140\001\160\271\137\000\176\277\153\265\150\021\377\011}{section.12}% 198
\BOOKMARK [2][-]{subsection.12.2}{\376\377\135\346\120\117\150\021\171\273\176\277\131\004\164\006\147\345\213\342\142\020\172\313\147\000\131\032\145\160\377\010\000H\000D\000U\0005\0005\0007\0005\377\011}{section.12}% 199
\BOOKMARK [2][-]{subsection.12.3}{\376\377\126\376\116\012\122\240\217\271\147\000\131\032\147\000\134\021\217\336\220\032\127\127\377\010\176\277\153\265\150\021\116\214\122\006\215\052\137\303\377\011\377\010\000Z\000O\000J\0004\0001\0000\0000\377\011}{section.12}% 200
\BOOKMARK [2][-]{subsection.12.4}{\376\377\225\031\143\222\124\016\133\127\121\170\136\217\147\000\134\017\377\010\000Z\000O\000J\0004\0001\0000\0002\377\011}{section.12}% 201
\BOOKMARK [2][-]{subsection.12.5}{\376\377\202\345\136\162\116\052\123\072\225\364\220\011\145\160\133\127\117\177\166\370\116\016\116\113\124\214\147\000\134\017\377\010\000Z\000O\000J\0004\0001\0003\0005\377\011}{section.12}% 202
\BOOKMARK [2][-]{subsection.12.6}{\376\377\0002\0000\0001\0009\137\220\135\336\000L}{section.12}% 203
\BOOKMARK [2][-]{subsection.12.7}{\376\377\123\314\124\310\136\014\377\010\0002\0000\0001\0009\000C\000C\000P\000C\124\310\134\024\156\350\000L\377\011}{section.12}% 204
\BOOKMARK [2][-]{subsection.12.8}{\376\377\147\000\167\355\166\204\155\265\166\326\116\316\0001\122\060\000i\166\204\176\277\153\265\377\010\176\277\153\265\150\021\377\011}{section.12}% 205
\BOOKMARK [2][-]{subsection.12.9}{\376\377\116\214\122\006\176\277\153\265\150\021\000D\000P\377\010\142\020\165\065\131\032\150\041\000H\000D\000U\0006\0006\0000\0006\377\011}{section.12}% 206
\BOOKMARK [2][-]{subsection.12.10}{\376\377\000C\000R\000T\000+\176\277\153\265\150\021\116\161\144\036\377\010\000H\000D\000U\0005\0002\0003\0008\377\011}{section.12}% 207
\BOOKMARK [2][-]{subsection.12.11}{\376\377\146\374\124\310\230\177\215\335\171\273\217\154\122\007\153\324\226\352\131\053\215\335\171\273\000+\131\047\122\233\122\006\174\173\213\250\213\272\176\277\153\265\150\021\377\010\0002\0000\0001\0008\000I\000C\000P\000C\154\210\226\063\000E\377\011}{section.12}% 208
\BOOKMARK [2][-]{subsection.12.12}{\376\377\123\352\220\011\116\000\116\052\123\072\225\364\124\054\213\376\377\010\000C\000F\0001\0004\0005\0002\000E\377\011}{section.12}% 209
\BOOKMARK [2][-]{subsection.12.13}{\376\377\126\376\116\012\120\015\130\236\000+\124\016\177\000\145\160\176\304\377\010\0002\0000\0001\0007\000I\000C\000P\000C\154\210\226\063\377\011}{section.12}% 210
\BOOKMARK [2][-]{subsection.12.14}{\376\377\133\373\142\176\116\000\116\052\123\112\133\127\116\062\000\137\137\017\133\120\217\154\143\142\000+\232\154\142\311\217\146\000+\116\073\136\055\150\021\377\010\0002\0000\0001\0007\000C\000C\000P\000C\124\310\134\024\156\350\000A\377\011}{section.12}% 211
\BOOKMARK [2][-]{subsection.12.15}{\376\377\123\072\225\364\133\120\226\306\124\214\166\204\000M\000E\000X}{section.12}% 212
\BOOKMARK [2][-]{subsection.12.16}{\376\377\213\342\225\356\116\055\117\115\145\160\123\072\225\364\377\010\000[\126\375\133\266\226\306\213\255\226\037\000]\000m\000i\000d\000d\000l\000e\377\011}{section.12}% 213
\BOOKMARK [2][-]{subsection.12.17}{\376\377\123\314\176\277\153\265\150\021\150\071\143\156\147\000\176\310\162\266\140\001\122\044\145\255}{section.12}% 214
\BOOKMARK [2][-]{subsection.12.18}{\376\377\126\364\130\231\173\227\133\271\171\357}{section.12}% 215
\BOOKMARK [2][-]{subsection.12.19}{\376\377\143\250\150\074\133\120\377\010\000H\000D\000U\131\032\150\041\000F\000H\000Q\377\011}{section.12}% 216
\BOOKMARK [2][-]{subsection.12.20}{\376\377\213\342\225\356\000T\147\011\131\032\134\021\147\054\215\050\116\015\124\014\166\204\133\127\116\062\127\050\000S\166\204\000[\000l\000,\000r\000]\123\072\225\364\116\055\154\241\147\011\121\372\163\260\217\307\377\010\000[\000N\000O\000I\0002\0000\0001\0008\000]\117\140\166\204\124\015\133\127\377\011}{section.12}% 217
\BOOKMARK [2][-]{subsection.12.21}{\376\377\131\032\116\052\137\252\163\257\116\062\147\011\131\032\134\021\147\054\215\050\116\015\124\014\166\204\121\154\121\161\133\120\116\062}{section.12}% 218
\BOOKMARK [2][-]{subsection.12.22}{\376\377\220\011\116\011\116\052\145\160\147\204\142\020\116\011\211\322\137\142\166\204\151\202\163\207}{section.12}% 219
\BOOKMARK [2][-]{subsection.12.23}{\376\377\000N\000I\000M\123\132\137\010\000+\124\011\200\001\136\010\176\277\153\265\150\021\377\010\0002\0000\0002\0000\123\127\116\254\377\011}{section.12}% 220
\BOOKMARK [2][-]{subsection.12.24}{\376\377\0000\0001\133\127\121\170\150\021\116\012\131\047\122\233\122\006\174\173\213\250\213\272\377\010\0002\0000\0002\0000\155\116\123\127\377\011}{section.12}% 221
\BOOKMARK [2][-]{subsection.12.25}{\376\377\123\072\225\364\000L\000C\000M}{section.12}% 222
\BOOKMARK [2][-]{subsection.12.26}{\376\377\123\072\225\364\116\015\215\205\217\307\000x\166\204\147\000\131\047\133\127\116\062\124\214\377\010\000G\000y\000m\0001\0000\0002\0009\0002\0000\000I\377\011}{section.12}% 223
\BOOKMARK [1][-]{section.13}{\376\377\116\326\116\272\213\241\173\227\121\340\117\125}{}% 224
\BOOKMARK [2][-]{subsection.13.1}{\376\377\000s\000t\0001\000v\000d\000y}{section.13}% 225
\BOOKMARK [2][-]{subsection.13.2}{\376\377\000f\000o\000r\000e\000v\000e\000r\0009\0007}{section.13}% 226
